2025-10-14 23:02:26,840 - INFO - 检查管理员权限...
2025-10-14 23:02:26,843 - INFO - 正在请求管理员权限...
2025-10-14 23:02:28,640 - INFO - 程序结束于: 2025-10-14 23:02:28.640588
2025-10-14 23:02:28,847 - INFO - 检查管理员权限...
2025-10-14 23:02:28,849 - INFO - 检查必要模块...
2025-10-14 23:02:28,849 - INFO - ✓ gui.py 导入成功
2025-10-14 23:02:28,849 - INFO - ✓ painter.py 导入成功
2025-10-14 23:02:28,849 - INFO - ✓ color_mapper.py 导入成功
2025-10-14 23:02:28,850 - INFO - ✓ win_input.py 导入成功
2025-10-14 23:02:28,850 - INFO - 正在启动GUI界面...
2025-10-14 23:02:29,070 - CRITICAL - 未知错误: 'super' object has no attribute 'load_config'
Traceback (most recent call last):
  File "C:\Users\30854\Desktop\pixel_painter\main.py", line 107, in main
    app = PixelPainterGUI(root)
          ^^^^^^^^^^^^^^^^^^^^^
  File "C:\Users\30854\Desktop\pixel_painter\gui.py", line 19, in __init__
    self.painter = PixelPainter()
                   ^^^^^^^^^^^^^^
  File "C:\Users\30854\Desktop\pixel_painter\painter.py", line 28, in __init__
    self.config = self.load_config()
                  ^^^^^^^^^^^^^^^^^^
  File "C:\Users\30854\Desktop\pixel_painter\painter.py", line 97, in load_config
    config = super().load_config()
             ^^^^^^^^^^^^^^^^^^^
AttributeError: 'super' object has no attribute 'load_config'
2025-10-14 23:04:31,455 - INFO - 检查管理员权限...
2025-10-14 23:04:31,456 - INFO - 正在请求管理员权限...
2025-10-14 23:04:33,216 - INFO - 程序结束于: 2025-10-14 23:04:33.216335
2025-10-14 23:04:33,417 - INFO - 检查管理员权限...
2025-10-14 23:04:33,418 - INFO - 检查必要模块...
2025-10-14 23:04:33,418 - INFO - ✓ gui.py 导入成功
2025-10-14 23:04:33,418 - INFO - ✓ painter.py 导入成功
2025-10-14 23:04:33,418 - INFO - ✓ color_mapper.py 导入成功
2025-10-14 23:04:33,418 - INFO - ✓ win_input.py 导入成功
2025-10-14 23:04:33,418 - INFO - 正在启动GUI界面...
2025-10-14 23:04:33,817 - INFO - ✓ 程序启动成功!
2025-10-14 23:05:43,845 - INFO - 程序正常退出
2025-10-14 23:05:43,845 - INFO - 程序结束于: 2025-10-14 23:05:43.845853
2025-10-14 23:11:20,488 - INFO - 检查管理员权限...
2025-10-14 23:11:20,489 - INFO - 正在请求管理员权限...
2025-10-14 23:11:22,220 - INFO - 程序结束于: 2025-10-14 23:11:22.219022
2025-10-14 23:11:22,430 - INFO - 检查管理员权限...
2025-10-14 23:11:22,431 - INFO - 检查必要模块...
2025-10-14 23:11:22,431 - INFO - ✓ gui.py 导入成功
2025-10-14 23:11:22,432 - INFO - ✓ painter.py 导入成功
2025-10-14 23:11:22,432 - INFO - ✓ color_mapper.py 导入成功
2025-10-14 23:11:22,432 - INFO - ✓ win_input.py 导入成功
2025-10-14 23:11:22,432 - INFO - 正在启动GUI界面...
2025-10-14 23:11:22,970 - INFO - ✓ 程序启动成功!
2025-10-14 23:14:30,663 - INFO - 程序正常退出
2025-10-14 23:14:30,663 - INFO - 程序结束于: 2025-10-14 23:14:30.663213
2025-10-14 23:23:03,101 - INFO - 检查管理员权限...
2025-10-14 23:23:03,102 - INFO - 正在请求管理员权限...
2025-10-14 23:23:04,743 - INFO - 程序结束于: 2025-10-14 23:23:04.743786
2025-10-14 23:23:04,957 - INFO - 检查管理员权限...
2025-10-14 23:23:04,959 - INFO - 检查必要模块...
2025-10-14 23:23:04,959 - INFO - ✓ gui.py 导入成功
2025-10-14 23:23:04,960 - INFO - ✓ painter.py 导入成功
2025-10-14 23:23:04,960 - INFO - ✓ color_mapper.py 导入成功
2025-10-14 23:23:04,960 - INFO - ✓ win_input.py 导入成功
2025-10-14 23:23:04,960 - INFO - 正在启动GUI界面...
2025-10-14 23:23:05,478 - INFO - ✓ 程序启动成功!
2025-10-14 23:37:00,819 - INFO - 程序正常退出
2025-10-14 23:37:00,819 - INFO - 程序结束于: 2025-10-14 23:37:00.819583
2025-10-14 23:37:05,290 - INFO - 检查管理员权限...
2025-10-14 23:37:05,292 - INFO - 正在请求管理员权限...
2025-10-14 23:37:07,005 - INFO - 程序结束于: 2025-10-14 23:37:07.005955
2025-10-14 23:37:07,213 - INFO - 检查管理员权限...
2025-10-14 23:37:07,215 - INFO - 检查必要模块...
2025-10-14 23:37:07,215 - INFO - ✓ gui.py 导入成功
2025-10-14 23:37:07,215 - INFO - ✓ painter.py 导入成功
2025-10-14 23:37:07,216 - INFO - ✓ color_mapper.py 导入成功
2025-10-14 23:37:07,216 - INFO - ✓ win_input.py 导入成功
2025-10-14 23:37:07,216 - INFO - 正在启动GUI界面...
2025-10-14 23:37:07,705 - INFO - ✓ 程序启动成功!
2025-10-14 23:38:23,992 - INFO - 检查管理员权限...
2025-10-14 23:38:23,993 - INFO - 正在请求管理员权限...
2025-10-14 23:38:25,505 - INFO - 程序结束于: 2025-10-14 23:38:25.505395
2025-10-14 23:38:25,727 - INFO - 检查管理员权限...
2025-10-14 23:38:25,729 - INFO - 检查必要模块...
2025-10-14 23:38:25,729 - INFO - ✓ gui.py 导入成功
2025-10-14 23:38:25,729 - INFO - ✓ painter.py 导入成功
2025-10-14 23:38:25,729 - INFO - ✓ color_mapper.py 导入成功
2025-10-14 23:38:25,729 - INFO - ✓ win_input.py 导入成功
2025-10-14 23:38:25,729 - INFO - 正在启动GUI界面...
2025-10-14 23:38:26,193 - INFO - ✓ 程序启动成功!
2025-10-14 23:41:43,927 - INFO - 程序正常退出
2025-10-14 23:41:43,928 - INFO - 程序结束于: 2025-10-14 23:41:43.928009
2025-10-14 23:45:11,686 - INFO - 检查管理员权限...
2025-10-14 23:45:11,688 - INFO - 正在请求管理员权限...
2025-10-14 23:45:13,342 - INFO - 程序结束于: 2025-10-14 23:45:13.342294
2025-10-14 23:45:13,550 - INFO - 检查管理员权限...
2025-10-14 23:45:13,551 - INFO - 检查必要模块...
2025-10-14 23:45:13,552 - INFO - ✓ gui.py 导入成功
2025-10-14 23:45:13,552 - INFO - ✓ painter.py 导入成功
2025-10-14 23:45:13,552 - INFO - ✓ color_mapper.py 导入成功
2025-10-14 23:45:13,552 - INFO - ✓ win_input.py 导入成功
2025-10-14 23:45:13,552 - INFO - 正在启动GUI界面...
2025-10-14 23:45:14,002 - INFO - ✓ 程序启动成功!
2025-10-14 23:50:55,508 - INFO - 程序正常退出
2025-10-14 23:50:55,509 - INFO - 程序结束于: 2025-10-14 23:50:55.509374
2025-10-14 23:54:44,543 - INFO - 检查管理员权限...
2025-10-14 23:54:44,545 - INFO - 正在请求管理员权限...
2025-10-14 23:54:46,171 - INFO - 程序结束于: 2025-10-14 23:54:46.171376
2025-10-14 23:54:46,373 - INFO - 检查管理员权限...
2025-10-14 23:54:46,375 - INFO - 检查必要模块...
2025-10-14 23:54:46,375 - INFO - ✓ gui.py 导入成功
2025-10-14 23:54:46,375 - INFO - ✓ painter.py 导入成功
2025-10-14 23:54:46,375 - INFO - ✓ color_mapper.py 导入成功
2025-10-14 23:54:46,375 - INFO - ✓ win_input.py 导入成功
2025-10-14 23:54:46,375 - INFO - 正在启动GUI界面...
2025-10-14 23:54:46,865 - INFO - ✓ 程序启动成功!
2025-10-14 23:58:20,457 - INFO - 程序正常退出
2025-10-14 23:58:20,457 - INFO - 程序结束于: 2025-10-14 23:58:20.457400
2025-10-14 23:58:23,289 - INFO - 检查管理员权限...
2025-10-14 23:58:23,290 - INFO - 正在请求管理员权限...
2025-10-14 23:58:24,829 - INFO - 程序结束于: 2025-10-14 23:58:24.829076
2025-10-14 23:58:25,026 - INFO - 检查管理员权限...
2025-10-14 23:58:25,029 - INFO - 检查必要模块...
2025-10-14 23:58:25,029 - INFO - ✓ gui.py 导入成功
2025-10-14 23:58:25,029 - INFO - ✓ painter.py 导入成功
2025-10-14 23:58:25,029 - INFO - ✓ color_mapper.py 导入成功
2025-10-14 23:58:25,029 - INFO - ✓ win_input.py 导入成功
2025-10-14 23:58:25,030 - INFO - 正在启动GUI界面...
2025-10-14 23:58:25,495 - INFO - ✓ 程序启动成功!
2025-10-14 23:59:01,419 - INFO - 程序正常退出
2025-10-14 23:59:01,419 - INFO - 程序结束于: 2025-10-14 23:59:01.419308
2025-10-15 00:00:09,554 - INFO - 检查管理员权限...
2025-10-15 00:00:09,556 - INFO - 正在请求管理员权限...
2025-10-15 00:00:11,933 - INFO - 程序结束于: 2025-10-15 00:00:11.933877
2025-10-15 00:00:12,144 - INFO - 检查管理员权限...
2025-10-15 00:00:12,146 - INFO - 检查必要模块...
2025-10-15 00:00:12,146 - INFO - ✓ gui.py 导入成功
2025-10-15 00:00:12,146 - INFO - ✓ painter.py 导入成功
2025-10-15 00:00:12,146 - INFO - ✓ color_mapper.py 导入成功
2025-10-15 00:00:12,146 - INFO - ✓ win_input.py 导入成功
2025-10-15 00:00:12,146 - INFO - 正在启动GUI界面...
2025-10-15 00:00:12,645 - INFO - ✓ 程序启动成功!
2025-10-15 00:03:02,229 - INFO - 检查管理员权限...
2025-10-15 00:03:02,230 - INFO - 正在请求管理员权限...
2025-10-15 00:03:03,921 - INFO - 程序结束于: 2025-10-15 00:03:03.921798
2025-10-15 00:03:04,135 - INFO - 检查管理员权限...
2025-10-15 00:03:04,136 - INFO - 检查必要模块...
2025-10-15 00:03:04,137 - INFO - ✓ gui.py 导入成功
2025-10-15 00:03:04,137 - INFO - ✓ painter.py 导入成功
2025-10-15 00:03:04,137 - INFO - ✓ color_mapper.py 导入成功
2025-10-15 00:03:04,137 - INFO - ✓ win_input.py 导入成功
2025-10-15 00:03:04,137 - INFO - 正在启动GUI界面...
2025-10-15 00:03:04,648 - INFO - ✓ 程序启动成功!
2025-10-15 00:03:57,351 - INFO - 程序正常退出
2025-10-15 00:03:57,352 - INFO - 程序结束于: 2025-10-15 00:03:57.352654
2025-10-15 00:04:35,860 - INFO - 检查管理员权限...
2025-10-15 00:04:35,862 - INFO - 正在请求管理员权限...
2025-10-15 00:04:37,506 - INFO - 程序结束于: 2025-10-15 00:04:37.506231
2025-10-15 00:04:37,723 - INFO - 检查管理员权限...
2025-10-15 00:04:37,724 - INFO - 检查必要模块...
2025-10-15 00:04:37,724 - INFO - ✓ gui.py 导入成功
2025-10-15 00:04:37,725 - INFO - ✓ painter.py 导入成功
2025-10-15 00:04:37,725 - INFO - ✓ color_mapper.py 导入成功
2025-10-15 00:04:37,725 - INFO - ✓ win_input.py 导入成功
2025-10-15 00:04:37,725 - INFO - 正在启动GUI界面...
2025-10-15 00:04:38,208 - INFO - ✓ 程序启动成功!
2025-10-15 00:05:38,405 - INFO - 程序正常退出
2025-10-15 00:05:38,406 - INFO - 程序结束于: 2025-10-15 00:05:38.406318
2025-10-15 00:46:24,646 - INFO - 检查管理员权限...
2025-10-15 00:46:24,647 - INFO - 正在请求管理员权限...
2025-10-15 00:46:27,243 - INFO - 程序结束于: 2025-10-15 00:46:27.243986
2025-10-15 00:46:27,487 - INFO - 检查管理员权限...
2025-10-15 00:46:27,488 - INFO - 检查必要模块...
2025-10-15 00:46:27,489 - INFO - ✓ gui.py 导入成功
2025-10-15 00:46:27,489 - INFO - ✓ painter.py 导入成功
2025-10-15 00:46:27,489 - INFO - ✓ color_mapper.py 导入成功
2025-10-15 00:46:27,489 - INFO - ✓ win_input.py 导入成功
2025-10-15 00:46:27,489 - INFO - 正在启动GUI界面...
2025-10-15 00:46:28,029 - INFO - ✓ 程序启动成功!
2025-10-15 00:48:49,460 - INFO - 检查管理员权限...
2025-10-15 00:48:49,462 - INFO - 正在请求管理员权限...
2025-10-15 00:48:50,989 - INFO - 程序结束于: 2025-10-15 00:48:50.989153
2025-10-15 00:48:51,199 - INFO - 检查管理员权限...
2025-10-15 00:48:51,201 - INFO - 检查必要模块...
2025-10-15 00:48:51,201 - INFO - ✓ gui.py 导入成功
2025-10-15 00:48:51,201 - INFO - ✓ painter.py 导入成功
2025-10-15 00:48:51,201 - INFO - ✓ color_mapper.py 导入成功
2025-10-15 00:48:51,201 - INFO - ✓ win_input.py 导入成功
2025-10-15 00:48:51,201 - INFO - 正在启动GUI界面...
2025-10-15 00:48:51,682 - INFO - ✓ 程序启动成功!
2025-10-15 00:49:46,486 - INFO - 程序正常退出
2025-10-15 00:49:46,486 - INFO - 程序结束于: 2025-10-15 00:49:46.486005
2025-10-15 00:56:55,451 - INFO - 检查管理员权限...
2025-10-15 00:56:55,453 - INFO - 正在请求管理员权限...
2025-10-15 00:56:57,237 - INFO - 程序结束于: 2025-10-15 00:56:57.236327
2025-10-15 00:56:57,441 - INFO - 检查管理员权限...
2025-10-15 00:56:57,442 - INFO - 检查必要模块...
2025-10-15 00:56:57,442 - INFO - ✓ gui.py 导入成功
2025-10-15 00:56:57,442 - INFO - ✓ painter.py 导入成功
2025-10-15 00:56:57,442 - INFO - ✓ color_mapper.py 导入成功
2025-10-15 00:56:57,442 - INFO - ✓ win_input.py 导入成功
2025-10-15 00:56:57,442 - INFO - 正在启动GUI界面...
2025-10-15 00:56:57,917 - INFO - ✓ 程序启动成功!
2025-10-15 00:57:09,801 - INFO - 程序正常退出
2025-10-15 00:57:09,801 - INFO - 程序结束于: 2025-10-15 00:57:09.801307
2025-10-15 01:09:34,483 - INFO - 检查管理员权限...
2025-10-15 01:09:34,486 - INFO - 正在请求管理员权限...
2025-10-15 01:09:36,171 - INFO - 程序结束于: 2025-10-15 01:09:36.171013
2025-10-15 01:09:36,390 - INFO - 检查管理员权限...
2025-10-15 01:09:36,391 - INFO - 检查必要模块...
2025-10-15 01:09:36,392 - INFO - ✓ gui.py 导入成功
2025-10-15 01:09:36,392 - INFO - ✓ painter.py 导入成功
2025-10-15 01:09:36,392 - INFO - ✓ color_mapper.py 导入成功
2025-10-15 01:09:36,392 - INFO - ✓ win_input.py 导入成功
2025-10-15 01:09:36,392 - INFO - 正在启动GUI界面...
2025-10-15 01:09:46,933 - INFO - ✓ 程序启动成功!
2025-10-15 01:14:40,674 - INFO - 检查管理员权限...
2025-10-15 01:14:40,676 - INFO - 正在请求管理员权限...
2025-10-15 01:14:42,448 - INFO - 程序结束于: 2025-10-15 01:14:42.448298
2025-10-15 01:14:42,683 - INFO - 检查管理员权限...
2025-10-15 01:14:42,683 - INFO - 检查必要模块...
2025-10-15 01:14:42,684 - INFO - ✓ gui.py 导入成功
2025-10-15 01:14:42,684 - INFO - ✓ painter.py 导入成功
2025-10-15 01:14:42,684 - INFO - ✓ color_mapper.py 导入成功
2025-10-15 01:14:42,684 - INFO - ✓ win_input.py 导入成功
2025-10-15 01:14:42,684 - INFO - 正在启动GUI界面...
2025-10-15 01:14:42,983 - INFO - ✓ 程序启动成功!
2025-10-15 01:15:22,876 - INFO - 程序正常退出
2025-10-15 01:15:22,876 - INFO - 程序结束于: 2025-10-15 01:15:22.876525
2025-10-15 01:17:18,854 - INFO - 程序正常退出
2025-10-15 01:17:18,855 - INFO - 程序结束于: 2025-10-15 01:17:18.855181
2025-10-15 01:19:00,069 - INFO - 检查管理员权限...
2025-10-15 01:19:00,070 - INFO - 正在请求管理员权限...
2025-10-15 01:19:01,549 - INFO - 程序结束于: 2025-10-15 01:19:01.549162
2025-10-15 01:19:01,776 - INFO - 检查管理员权限...
2025-10-15 01:19:01,778 - INFO - 检查必要模块...
2025-10-15 01:19:01,778 - INFO - ✓ gui.py 导入成功
2025-10-15 01:19:01,778 - INFO - ✓ painter.py 导入成功
2025-10-15 01:19:01,778 - INFO - ✓ color_mapper.py 导入成功
2025-10-15 01:19:01,778 - INFO - ✓ win_input.py 导入成功
2025-10-15 01:19:01,778 - INFO - 正在启动GUI界面...
2025-10-15 01:19:02,129 - CRITICAL - 未知错误: PixelPainterGUI.find_game_window() takes 0 positional arguments but 1 was given
Traceback (most recent call last):
  File "C:\Users\30854\Desktop\pixel_painter\main.py", line 107, in main
    app = PixelPainterGUI(root)
          ^^^^^^^^^^^^^^^^^^^^^
  File "C:\Users\30854\Desktop\pixel_painter\gui.py", line 41, in __init__
    hwnd = self.find_game_window()
           ^^^^^^^^^^^^^^^^^^^^^^^
TypeError: PixelPainterGUI.find_game_window() takes 0 positional arguments but 1 was given
2025-10-15 01:20:42,091 - INFO - 检查管理员权限...
2025-10-15 01:20:42,093 - INFO - 正在请求管理员权限...
2025-10-15 01:20:43,760 - INFO - 程序结束于: 2025-10-15 01:20:43.760952
2025-10-15 01:20:43,963 - INFO - 检查管理员权限...
2025-10-15 01:20:43,965 - INFO - 检查必要模块...
2025-10-15 01:20:43,965 - INFO - ✓ gui.py 导入成功
2025-10-15 01:20:43,965 - INFO - ✓ painter.py 导入成功
2025-10-15 01:20:43,965 - INFO - ✓ color_mapper.py 导入成功
2025-10-15 01:20:43,966 - INFO - ✓ win_input.py 导入成功
2025-10-15 01:20:43,966 - INFO - 正在启动GUI界面...
2025-10-15 01:20:44,134 - CRITICAL - 未知错误: PixelPainterGUI.find_game_window() takes 0 positional arguments but 1 was given
Traceback (most recent call last):
  File "C:\Users\30854\Desktop\pixel_painter\main.py", line 107, in main
    app = PixelPainterGUI(root)
          ^^^^^^^^^^^^^^^^^^^^^
  File "C:\Users\30854\Desktop\pixel_painter\gui.py", line 41, in __init__
    hwnd = self.find_game_window()
           ^^^^^^^^^^^^^^^^^^^^^^^
TypeError: PixelPainterGUI.find_game_window() takes 0 positional arguments but 1 was given
2025-10-15 01:22:15,763 - INFO - 检查管理员权限...
2025-10-15 01:22:15,765 - INFO - 正在请求管理员权限...
2025-10-15 01:22:17,437 - INFO - 程序结束于: 2025-10-15 01:22:17.437413
2025-10-15 01:22:17,637 - INFO - 检查管理员权限...
2025-10-15 01:22:17,639 - INFO - 检查必要模块...
2025-10-15 01:22:17,639 - INFO - ✓ gui.py 导入成功
2025-10-15 01:22:17,639 - INFO - ✓ painter.py 导入成功
2025-10-15 01:22:17,639 - INFO - ✓ color_mapper.py 导入成功
2025-10-15 01:22:17,639 - INFO - ✓ win_input.py 导入成功
2025-10-15 01:22:17,639 - INFO - 正在启动GUI界面...
2025-10-15 01:22:17,916 - INFO - ✓ 程序启动成功!
2025-10-15 01:23:54,656 - INFO - 程序正常退出
2025-10-15 01:23:54,656 - INFO - 程序结束于: 2025-10-15 01:23:54.656580
2025-10-15 01:26:01,329 - INFO - 检查管理员权限...
2025-10-15 01:26:01,331 - INFO - 正在请求管理员权限...
2025-10-15 01:26:03,040 - INFO - 程序结束于: 2025-10-15 01:26:03.040714
2025-10-15 01:26:03,245 - INFO - 检查管理员权限...
2025-10-15 01:26:03,247 - INFO - 检查必要模块...
2025-10-15 01:26:03,247 - INFO - ✓ gui.py 导入成功
2025-10-15 01:26:03,247 - INFO - ✓ painter.py 导入成功
2025-10-15 01:26:03,247 - INFO - ✓ color_mapper.py 导入成功
2025-10-15 01:26:03,247 - INFO - ✓ win_input.py 导入成功
2025-10-15 01:26:03,247 - INFO - 正在启动GUI界面...
2025-10-15 01:26:03,697 - INFO - ✓ 程序启动成功!
2025-10-15 01:28:14,060 - INFO - 程序正常退出
2025-10-15 01:28:14,060 - INFO - 程序结束于: 2025-10-15 01:28:14.060965
2025-10-15 01:29:06,054 - INFO - 检查管理员权限...
2025-10-15 01:29:06,055 - INFO - 正在请求管理员权限...
2025-10-15 01:29:07,663 - INFO - 程序结束于: 2025-10-15 01:29:07.663362
2025-10-15 01:29:07,874 - INFO - 检查管理员权限...
2025-10-15 01:29:07,876 - INFO - 检查必要模块...
2025-10-15 01:29:07,876 - INFO - ✓ gui.py 导入成功
2025-10-15 01:29:07,876 - INFO - ✓ painter.py 导入成功
2025-10-15 01:29:07,876 - INFO - ✓ color_mapper.py 导入成功
2025-10-15 01:29:07,877 - INFO - ✓ win_input.py 导入成功
2025-10-15 01:29:07,877 - INFO - 正在启动GUI界面...
2025-10-15 01:29:08,338 - INFO - ✓ 程序启动成功!
2025-10-15 01:29:49,854 - INFO - 程序正常退出
2025-10-15 01:29:49,854 - INFO - 程序结束于: 2025-10-15 01:29:49.854295
2025-10-15 01:29:58,211 - INFO - 检查管理员权限...
2025-10-15 01:29:58,212 - INFO - 正在请求管理员权限...
2025-10-15 01:30:00,075 - INFO - 程序结束于: 2025-10-15 01:30:00.075546
2025-10-15 01:30:00,279 - INFO - 检查管理员权限...
2025-10-15 01:30:00,281 - INFO - 检查必要模块...
2025-10-15 01:30:00,281 - INFO - ✓ gui.py 导入成功
2025-10-15 01:30:00,281 - INFO - ✓ painter.py 导入成功
2025-10-15 01:30:00,281 - INFO - ✓ color_mapper.py 导入成功
2025-10-15 01:30:00,282 - INFO - ✓ win_input.py 导入成功
2025-10-15 01:30:00,282 - INFO - 正在启动GUI界面...
2025-10-15 01:30:00,557 - INFO - ✓ 程序启动成功!
2025-10-15 01:30:51,289 - INFO - 程序正常退出
2025-10-15 01:32:09,433 - INFO - 检查管理员权限...
2025-10-15 01:32:09,434 - INFO - 正在请求管理员权限...
2025-10-15 01:32:11,343 - INFO - 程序结束于: 2025-10-15 01:32:11.343179
2025-10-15 01:32:11,556 - INFO - 检查管理员权限...
2025-10-15 01:32:11,557 - INFO - 检查必要模块...
2025-10-15 01:32:11,558 - INFO - ✓ gui.py 导入成功
2025-10-15 01:32:11,558 - INFO - ✓ painter.py 导入成功
2025-10-15 01:32:11,558 - INFO - ✓ color_mapper.py 导入成功
2025-10-15 01:32:11,558 - INFO - ✓ win_input.py 导入成功
2025-10-15 01:32:11,558 - INFO - 正在启动GUI界面...
2025-10-15 01:32:12,017 - INFO - ✓ 程序启动成功!
2025-10-15 01:35:04,559 - INFO - 程序正常退出
2025-10-15 01:35:04,559 - INFO - 程序结束于: 2025-10-15 01:35:04.559641
2025-10-15 01:39:39,036 - INFO - 检查管理员权限...
2025-10-15 01:39:39,038 - INFO - 正在请求管理员权限...
2025-10-15 01:39:40,789 - INFO - 程序结束于: 2025-10-15 01:39:40.789861
2025-10-15 01:39:41,006 - INFO - 检查管理员权限...
2025-10-15 01:39:41,007 - INFO - 检查必要模块...
2025-10-15 01:39:41,007 - INFO - ✓ gui.py 导入成功
2025-10-15 01:39:41,007 - INFO - ✓ painter.py 导入成功
2025-10-15 01:39:41,007 - INFO - ✓ color_mapper.py 导入成功
2025-10-15 01:39:41,007 - INFO - ✓ win_input.py 导入成功
2025-10-15 01:39:41,007 - INFO - 正在启动GUI界面...
2025-10-15 01:39:41,469 - INFO - ✓ 程序启动成功!
2025-10-15 01:46:47,902 - INFO - 程序正常退出
2025-10-15 01:46:47,903 - INFO - 程序结束于: 2025-10-15 01:46:47.903973
2025-10-15 01:53:01,342 - INFO - 检查管理员权限...
2025-10-15 01:53:01,345 - INFO - 正在请求管理员权限...
2025-10-15 01:53:02,950 - INFO - 程序结束于: 2025-10-15 01:53:02.949864
2025-10-15 01:53:03,181 - INFO - 检查管理员权限...
2025-10-15 01:53:03,184 - INFO - 检查必要模块...
2025-10-15 01:53:03,184 - INFO - ✓ gui.py 导入成功
2025-10-15 01:53:03,184 - INFO - ✓ painter.py 导入成功
2025-10-15 01:53:03,184 - INFO - ✓ color_mapper.py 导入成功
2025-10-15 01:53:03,184 - INFO - ✓ win_input.py 导入成功
2025-10-15 01:53:03,184 - INFO - 正在启动GUI界面...
2025-10-15 01:53:03,657 - INFO - ✓ 程序启动成功!
2025-10-15 01:53:47,252 - INFO - 程序正常退出
2025-10-15 01:53:47,252 - INFO - 程序结束于: 2025-10-15 01:53:47.252446
2025-10-15 01:54:51,325 - INFO - 检查管理员权限...
2025-10-15 01:54:51,327 - INFO - 正在请求管理员权限...
2025-10-15 01:54:53,085 - INFO - 程序结束于: 2025-10-15 01:54:53.084118
2025-10-15 01:54:53,284 - INFO - 检查管理员权限...
2025-10-15 01:54:53,286 - INFO - 检查必要模块...
2025-10-15 01:54:53,286 - INFO - ✓ gui.py 导入成功
2025-10-15 01:54:53,286 - INFO - ✓ painter.py 导入成功
2025-10-15 01:54:53,286 - INFO - ✓ color_mapper.py 导入成功
2025-10-15 01:54:53,286 - INFO - ✓ win_input.py 导入成功
2025-10-15 01:54:53,287 - INFO - 正在启动GUI界面...
2025-10-15 01:54:53,752 - INFO - ✓ 程序启动成功!
2025-10-15 01:56:21,699 - INFO - 程序正常退出
2025-10-15 02:04:00,293 - INFO - 检查管理员权限...
2025-10-15 02:04:00,294 - INFO - 正在请求管理员权限...
2025-10-15 02:04:01,874 - INFO - 程序结束于: 2025-10-15 02:04:01.874007
2025-10-15 02:04:02,115 - INFO - 检查管理员权限...
2025-10-15 02:04:02,117 - INFO - 检查必要模块...
2025-10-15 02:04:02,117 - INFO - ✓ gui.py 导入成功
2025-10-15 02:04:02,117 - INFO - ✓ painter.py 导入成功
2025-10-15 02:04:02,117 - INFO - ✓ color_mapper.py 导入成功
2025-10-15 02:04:02,117 - INFO - ✓ win_input.py 导入成功
2025-10-15 02:04:02,118 - INFO - 正在启动GUI界面...
2025-10-15 02:04:02,603 - INFO - ✓ 程序启动成功!
2025-10-15 02:14:36,415 - INFO - 程序正常退出
2025-10-15 02:14:36,415 - INFO - 程序结束于: 2025-10-15 02:14:36.415697
2025-10-15 02:14:39,357 - INFO - 检查管理员权限...
2025-10-15 02:14:39,359 - INFO - 正在请求管理员权限...
2025-10-15 02:14:41,017 - INFO - 程序结束于: 2025-10-15 02:14:41.017508
2025-10-15 02:14:41,227 - INFO - 检查管理员权限...
2025-10-15 02:14:41,228 - INFO - 检查必要模块...
2025-10-15 02:14:41,228 - INFO - ✓ gui.py 导入成功
2025-10-15 02:14:41,228 - INFO - ✓ painter.py 导入成功
2025-10-15 02:14:41,228 - INFO - ✓ color_mapper.py 导入成功
2025-10-15 02:14:41,229 - INFO - ✓ win_input.py 导入成功
2025-10-15 02:14:41,229 - INFO - 正在启动GUI界面...
2025-10-15 02:14:41,703 - INFO - ✓ 程序启动成功!
2025-10-15 02:15:42,340 - INFO - 程序正常退出
2025-10-15 02:15:42,341 - INFO - 程序结束于: 2025-10-15 02:15:42.341041
2025-10-15 02:15:45,610 - INFO - 检查管理员权限...
2025-10-15 02:15:45,612 - INFO - 正在请求管理员权限...
2025-10-15 02:15:47,137 - INFO - 程序结束于: 2025-10-15 02:15:47.137313
2025-10-15 02:15:47,341 - INFO - 检查管理员权限...
2025-10-15 02:15:47,342 - INFO - 检查必要模块...
2025-10-15 02:15:47,342 - INFO - ✓ gui.py 导入成功
2025-10-15 02:15:47,342 - INFO - ✓ painter.py 导入成功
2025-10-15 02:15:47,342 - INFO - ✓ color_mapper.py 导入成功
2025-10-15 02:15:47,342 - INFO - ✓ win_input.py 导入成功
2025-10-15 02:15:47,342 - INFO - 正在启动GUI界面...
2025-10-15 02:15:47,800 - INFO - ✓ 程序启动成功!
2025-10-15 02:18:47,622 - INFO - 程序正常退出
2025-10-15 02:18:47,622 - INFO - 程序结束于: 2025-10-15 02:18:47.622782
2025-10-15 02:18:50,740 - INFO - 检查管理员权限...
2025-10-15 02:18:50,741 - INFO - 正在请求管理员权限...
2025-10-15 02:18:52,466 - INFO - 程序结束于: 2025-10-15 02:18:52.466618
2025-10-15 02:18:52,664 - INFO - 检查管理员权限...
2025-10-15 02:18:52,666 - INFO - 检查必要模块...
2025-10-15 02:18:52,666 - INFO - ✓ gui.py 导入成功
2025-10-15 02:18:52,666 - INFO - ✓ painter.py 导入成功
2025-10-15 02:18:52,666 - INFO - ✓ color_mapper.py 导入成功
2025-10-15 02:18:52,666 - INFO - ✓ win_input.py 导入成功
2025-10-15 02:18:52,666 - INFO - 正在启动GUI界面...
2025-10-15 02:18:53,129 - INFO - ✓ 程序启动成功!
2025-10-15 02:20:42,041 - INFO - 程序正常退出
2025-10-15 02:20:42,041 - INFO - 程序结束于: 2025-10-15 02:20:42.041738
2025-10-15 02:20:50,758 - INFO - 检查管理员权限...
2025-10-15 02:20:50,759 - INFO - 正在请求管理员权限...
2025-10-15 02:20:52,170 - INFO - 程序结束于: 2025-10-15 02:20:52.170614
2025-10-15 02:20:52,374 - INFO - 检查管理员权限...
2025-10-15 02:20:52,376 - INFO - 检查必要模块...
2025-10-15 02:20:52,376 - INFO - ✓ gui.py 导入成功
2025-10-15 02:20:52,376 - INFO - ✓ painter.py 导入成功
2025-10-15 02:20:52,376 - INFO - ✓ color_mapper.py 导入成功
2025-10-15 02:20:52,376 - INFO - ✓ win_input.py 导入成功
2025-10-15 02:20:52,376 - INFO - 正在启动GUI界面...
2025-10-15 02:20:52,842 - INFO - ✓ 程序启动成功!
2025-10-15 02:22:15,754 - INFO - 程序正常退出
2025-10-15 02:22:15,754 - INFO - 程序结束于: 2025-10-15 02:22:15.754909
2025-10-15 02:45:45,107 - INFO - 检查管理员权限...
2025-10-15 02:45:45,109 - INFO - 正在请求管理员权限...
2025-10-15 02:45:47,617 - INFO - 程序结束于: 2025-10-15 02:45:47.617285
2025-10-15 02:45:47,832 - INFO - 检查管理员权限...
2025-10-15 02:45:47,833 - INFO - 检查必要模块...
2025-10-15 02:45:47,833 - INFO - ✓ gui.py 导入成功
2025-10-15 02:45:47,833 - INFO - ✓ painter.py 导入成功
2025-10-15 02:45:47,833 - INFO - ✓ color_mapper.py 导入成功
2025-10-15 02:45:47,833 - INFO - ✓ win_input.py 导入成功
2025-10-15 02:45:47,834 - INFO - 正在启动GUI界面...
2025-10-15 02:45:48,315 - INFO - ✓ 程序启动成功!
2025-10-15 02:49:52,007 - INFO - 程序正常退出
2025-10-15 02:49:52,008 - INFO - 程序结束于: 2025-10-15 02:49:52.008694
2025-10-15 02:49:54,519 - INFO - 检查管理员权限...
2025-10-15 02:49:54,521 - INFO - 正在请求管理员权限...
2025-10-15 02:49:56,556 - INFO - 程序结束于: 2025-10-15 02:49:56.556696
2025-10-15 02:49:56,763 - INFO - 检查管理员权限...
2025-10-15 02:49:56,765 - INFO - 检查必要模块...
2025-10-15 02:49:56,765 - INFO - ✓ gui.py 导入成功
2025-10-15 02:49:56,765 - INFO - ✓ painter.py 导入成功
2025-10-15 02:49:56,765 - INFO - ✓ color_mapper.py 导入成功
2025-10-15 02:49:56,765 - INFO - ✓ win_input.py 导入成功
2025-10-15 02:49:56,765 - INFO - 正在启动GUI界面...
2025-10-15 02:49:57,078 - INFO - ✓ 程序启动成功!
2025-10-15 02:51:10,987 - INFO - 程序正常退出
2025-10-15 02:51:10,987 - INFO - 程序结束于: 2025-10-15 02:51:10.987299
2025-10-15 03:04:02,206 - INFO - 检查管理员权限...
2025-10-15 03:04:02,209 - INFO - 正在请求管理员权限...
2025-10-15 03:04:03,758 - INFO - 程序结束于: 2025-10-15 03:04:03.758329
2025-10-15 03:04:03,967 - INFO - 检查管理员权限...
2025-10-15 03:04:03,970 - INFO - 检查必要模块...
2025-10-15 03:04:03,970 - INFO - ✓ gui.py 导入成功
2025-10-15 03:04:03,970 - INFO - ✓ painter.py 导入成功
2025-10-15 03:04:03,970 - INFO - ✓ color_mapper.py 导入成功
2025-10-15 03:04:03,971 - INFO - ✓ win_input.py 导入成功
2025-10-15 03:04:03,971 - INFO - 正在启动GUI界面...
2025-10-15 03:04:04,150 - CRITICAL - 未知错误: name 'diagnose_dpi' is not defined
Traceback (most recent call last):
  File "C:\Users\30854\Desktop\pixel_painter\main.py", line 107, in main
    app = PixelPainterGUI(root)
          ^^^^^^^^^^^^^^^^^^^^^
  File "C:\Users\30854\Desktop\pixel_painter\gui.py", line 18, in __init__
    scale_factor = diagnose_dpi()
                   ^^^^^^^^^^^^
NameError: name 'diagnose_dpi' is not defined. Did you mean: 'self.diagnose_dpi'?
2025-10-15 03:04:59,677 - INFO - 检查管理员权限...
2025-10-15 03:04:59,678 - INFO - 正在请求管理员权限...
2025-10-15 03:05:01,769 - INFO - 程序结束于: 2025-10-15 03:05:01.769203
2025-10-15 03:05:01,979 - INFO - 检查管理员权限...
2025-10-15 03:05:01,980 - INFO - 检查必要模块...
2025-10-15 03:05:01,980 - INFO - ✓ gui.py 导入成功
2025-10-15 03:05:01,980 - INFO - ✓ painter.py 导入成功
2025-10-15 03:05:01,980 - INFO - ✓ color_mapper.py 导入成功
2025-10-15 03:05:01,981 - INFO - ✓ win_input.py 导入成功
2025-10-15 03:05:01,981 - INFO - 正在启动GUI界面...
2025-10-15 03:05:02,273 - INFO - ✓ 程序启动成功!
2025-10-15 03:15:24,855 - INFO - 检查管理员权限...
2025-10-15 03:15:24,858 - INFO - 正在请求管理员权限...
2025-10-15 03:15:26,429 - INFO - 程序结束于: 2025-10-15 03:15:26.429039
2025-10-15 03:15:26,647 - INFO - 检查管理员权限...
2025-10-15 03:15:26,648 - INFO - 检查必要模块...
2025-10-15 03:15:26,648 - INFO - ✓ gui.py 导入成功
2025-10-15 03:15:26,648 - INFO - ✓ painter.py 导入成功
2025-10-15 03:15:26,648 - INFO - ✓ color_mapper.py 导入成功
2025-10-15 03:15:26,649 - INFO - ✓ win_input.py 导入成功
2025-10-15 03:15:26,649 - INFO - 正在启动GUI界面...
2025-10-15 03:15:26,921 - INFO - ✓ 程序启动成功!
2025-10-15 03:23:46,541 - INFO - 程序正常退出
2025-10-15 03:23:46,542 - INFO - 程序结束于: 2025-10-15 03:23:46.542324
2025-10-15 03:23:49,300 - INFO - 检查管理员权限...
2025-10-15 03:23:49,301 - INFO - 正在请求管理员权限...
2025-10-15 03:23:51,063 - INFO - 程序结束于: 2025-10-15 03:23:51.063116
2025-10-15 03:23:51,269 - INFO - 检查管理员权限...
2025-10-15 03:23:51,270 - INFO - 检查必要模块...
2025-10-15 03:23:51,271 - INFO - ✓ gui.py 导入成功
2025-10-15 03:23:51,271 - INFO - ✓ painter.py 导入成功
2025-10-15 03:23:51,271 - INFO - ✓ color_mapper.py 导入成功
2025-10-15 03:23:51,271 - INFO - ✓ win_input.py 导入成功
2025-10-15 03:23:51,271 - INFO - 正在启动GUI界面...
2025-10-15 03:23:51,793 - INFO - ✓ 程序启动成功!
2025-10-15 03:37:28,933 - INFO - 程序正常退出
2025-10-15 03:37:28,933 - INFO - 程序结束于: 2025-10-15 03:37:28.933507
2025-10-15 03:37:31,469 - INFO - 检查管理员权限...
2025-10-15 03:37:31,470 - INFO - 正在请求管理员权限...
2025-10-15 03:37:33,175 - INFO - 程序结束于: 2025-10-15 03:37:33.175075
2025-10-15 03:37:33,381 - INFO - 检查管理员权限...
2025-10-15 03:37:33,383 - INFO - 检查必要模块...
2025-10-15 03:37:33,383 - INFO - ✓ gui.py 导入成功
2025-10-15 03:37:33,383 - INFO - ✓ painter.py 导入成功
2025-10-15 03:37:33,383 - INFO - ✓ color_mapper.py 导入成功
2025-10-15 03:37:33,383 - INFO - ✓ win_input.py 导入成功
2025-10-15 03:37:33,383 - INFO - 正在启动GUI界面...
2025-10-15 03:37:33,890 - INFO - ✓ 程序启动成功!
2025-10-15 03:39:28,986 - INFO - 程序正常退出
2025-10-15 03:39:28,986 - INFO - 程序结束于: 2025-10-15 03:39:28.986071
2025-10-15 03:39:31,295 - INFO - 检查管理员权限...
2025-10-15 03:39:31,296 - INFO - 正在请求管理员权限...
2025-10-15 03:39:32,856 - INFO - 程序结束于: 2025-10-15 03:39:32.856808
2025-10-15 03:39:33,076 - INFO - 检查管理员权限...
2025-10-15 03:39:33,078 - INFO - 检查必要模块...
2025-10-15 03:39:33,078 - INFO - ✓ gui.py 导入成功
2025-10-15 03:39:33,078 - INFO - ✓ painter.py 导入成功
2025-10-15 03:39:33,078 - INFO - ✓ color_mapper.py 导入成功
2025-10-15 03:39:33,078 - INFO - ✓ win_input.py 导入成功
2025-10-15 03:39:33,078 - INFO - 正在启动GUI界面...
2025-10-15 03:39:33,600 - INFO - ✓ 程序启动成功!
2025-10-15 03:41:06,143 - INFO - 程序正常退出
2025-10-15 03:41:06,143 - INFO - 程序结束于: 2025-10-15 03:41:06.143840
2025-10-15 03:41:08,432 - INFO - 检查管理员权限...
2025-10-15 03:41:08,434 - INFO - 正在请求管理员权限...
2025-10-15 03:41:09,897 - INFO - 程序结束于: 2025-10-15 03:41:09.897056
2025-10-15 03:41:10,096 - INFO - 检查管理员权限...
2025-10-15 03:41:10,098 - INFO - 检查必要模块...
2025-10-15 03:41:10,098 - INFO - ✓ gui.py 导入成功
2025-10-15 03:41:10,098 - INFO - ✓ painter.py 导入成功
2025-10-15 03:41:10,098 - INFO - ✓ color_mapper.py 导入成功
2025-10-15 03:41:10,098 - INFO - ✓ win_input.py 导入成功
2025-10-15 03:41:10,098 - INFO - 正在启动GUI界面...
2025-10-15 03:41:10,644 - INFO - ✓ 程序启动成功!
2025-10-15 03:47:49,977 - INFO - 程序正常退出
2025-10-15 03:47:49,978 - INFO - 程序结束于: 2025-10-15 03:47:49.978408
2025-10-15 03:51:21,095 - INFO - 检查管理员权限...
2025-10-15 03:51:21,097 - INFO - 正在请求管理员权限...
2025-10-15 03:51:22,729 - INFO - 程序结束于: 2025-10-15 03:51:22.729338
2025-10-15 03:51:22,930 - INFO - 检查管理员权限...
2025-10-15 03:51:22,932 - INFO - 检查必要模块...
2025-10-15 03:51:22,932 - INFO - ✓ gui.py 导入成功
2025-10-15 03:51:22,932 - INFO - ✓ painter.py 导入成功
2025-10-15 03:51:22,932 - INFO - ✓ color_mapper.py 导入成功
2025-10-15 03:51:22,932 - INFO - ✓ win_input.py 导入成功
2025-10-15 03:51:22,932 - INFO - 正在启动GUI界面...
2025-10-15 03:51:23,436 - INFO - ✓ 程序启动成功!
2025-10-15 03:59:43,399 - INFO - 程序正常退出
2025-10-15 03:59:51,187 - INFO - 检查管理员权限...
2025-10-15 03:59:51,188 - INFO - 正在请求管理员权限...
2025-10-15 03:59:53,045 - INFO - 程序结束于: 2025-10-15 03:59:53.045480
2025-10-15 03:59:53,265 - INFO - 检查管理员权限...
2025-10-15 03:59:53,267 - INFO - 检查必要模块...
2025-10-15 03:59:53,267 - INFO - ✓ gui.py 导入成功
2025-10-15 03:59:53,267 - INFO - ✓ painter.py 导入成功
2025-10-15 03:59:53,268 - INFO - ✓ color_mapper.py 导入成功
2025-10-15 03:59:53,268 - INFO - ✓ win_input.py 导入成功
2025-10-15 03:59:53,268 - INFO - 正在启动GUI界面...
2025-10-15 03:59:53,775 - INFO - ✓ 程序启动成功!
2025-10-15 04:04:55,457 - INFO - 程序正常退出
2025-10-15 04:04:55,457 - INFO - 程序结束于: 2025-10-15 04:04:55.457594
2025-10-15 04:22:57,051 - INFO - 检查管理员权限...
2025-10-15 04:22:57,053 - INFO - 正在请求管理员权限...
2025-10-15 04:22:58,749 - INFO - 程序结束于: 2025-10-15 04:22:58.749344
2025-10-15 04:22:58,975 - INFO - 检查管理员权限...
2025-10-15 04:22:58,977 - INFO - 检查必要模块...
2025-10-15 04:22:58,978 - INFO - ✓ gui.py 导入成功
2025-10-15 04:22:58,978 - INFO - ✓ painter.py 导入成功
2025-10-15 04:22:58,978 - INFO - ✓ color_mapper.py 导入成功
2025-10-15 04:22:58,978 - INFO - ✓ win_input.py 导入成功
2025-10-15 04:22:58,978 - INFO - 正在启动GUI界面...
2025-10-15 04:22:59,504 - INFO - ✓ 程序启动成功!
2025-10-15 04:24:41,197 - INFO - 程序正常退出
2025-10-15 04:24:41,197 - INFO - 程序结束于: 2025-10-15 04:24:41.197663
2025-10-15 04:25:12,195 - INFO - 检查管理员权限...
2025-10-15 04:25:12,198 - INFO - 正在请求管理员权限...
2025-10-15 04:25:13,736 - INFO - 程序结束于: 2025-10-15 04:25:13.736595
2025-10-15 04:25:13,946 - INFO - 检查管理员权限...
2025-10-15 04:25:13,948 - INFO - 检查必要模块...
2025-10-15 04:25:13,948 - INFO - ✓ gui.py 导入成功
2025-10-15 04:25:13,948 - INFO - ✓ painter.py 导入成功
2025-10-15 04:25:13,948 - INFO - ✓ color_mapper.py 导入成功
2025-10-15 04:25:13,948 - INFO - ✓ win_input.py 导入成功
2025-10-15 04:25:13,948 - INFO - 正在启动GUI界面...
2025-10-15 04:25:14,464 - INFO - ✓ 程序启动成功!
2025-10-15 04:28:19,914 - INFO - 程序正常退出
2025-10-15 04:28:19,914 - INFO - 程序结束于: 2025-10-15 04:28:19.914513
2025-10-15 04:28:22,805 - INFO - 检查管理员权限...
2025-10-15 04:28:22,806 - INFO - 正在请求管理员权限...
2025-10-15 04:28:24,302 - INFO - 程序结束于: 2025-10-15 04:28:24.302747
2025-10-15 04:28:24,501 - INFO - 检查管理员权限...
2025-10-15 04:28:24,503 - INFO - 检查必要模块...
2025-10-15 04:28:24,503 - INFO - ✓ gui.py 导入成功
2025-10-15 04:28:24,503 - INFO - ✓ painter.py 导入成功
2025-10-15 04:28:24,503 - INFO - ✓ color_mapper.py 导入成功
2025-10-15 04:28:24,503 - INFO - ✓ win_input.py 导入成功
2025-10-15 04:28:24,503 - INFO - 正在启动GUI界面...
2025-10-15 04:28:25,021 - INFO - ✓ 程序启动成功!
2025-10-15 04:28:57,275 - INFO - 程序正常退出
2025-10-15 04:28:57,275 - INFO - 程序结束于: 2025-10-15 04:28:57.275175
2025-10-15 04:29:15,745 - INFO - 检查管理员权限...
2025-10-15 04:29:15,747 - INFO - 正在请求管理员权限...
2025-10-15 04:29:17,350 - INFO - 程序结束于: 2025-10-15 04:29:17.350793
2025-10-15 04:29:17,549 - INFO - 检查管理员权限...
2025-10-15 04:29:17,550 - INFO - 检查必要模块...
2025-10-15 04:29:17,550 - INFO - ✓ gui.py 导入成功
2025-10-15 04:29:17,550 - INFO - ✓ painter.py 导入成功
2025-10-15 04:29:17,550 - INFO - ✓ color_mapper.py 导入成功
2025-10-15 04:29:17,550 - INFO - ✓ win_input.py 导入成功
2025-10-15 04:29:17,550 - INFO - 正在启动GUI界面...
2025-10-15 04:29:18,070 - INFO - ✓ 程序启动成功!
2025-10-15 04:31:21,613 - INFO - 程序正常退出
2025-10-15 04:31:21,613 - INFO - 程序结束于: 2025-10-15 04:31:21.613944
2025-10-15 04:31:23,906 - INFO - 检查管理员权限...
2025-10-15 04:31:23,908 - INFO - 正在请求管理员权限...
2025-10-15 04:31:25,542 - INFO - 程序结束于: 2025-10-15 04:31:25.541857
2025-10-15 04:31:25,769 - INFO - 检查管理员权限...
2025-10-15 04:31:25,771 - INFO - 检查必要模块...
2025-10-15 04:31:25,771 - INFO - ✓ gui.py 导入成功
2025-10-15 04:31:25,771 - INFO - ✓ painter.py 导入成功
2025-10-15 04:31:25,771 - INFO - ✓ color_mapper.py 导入成功
2025-10-15 04:31:25,771 - INFO - ✓ win_input.py 导入成功
2025-10-15 04:31:25,772 - INFO - 正在启动GUI界面...
2025-10-15 04:31:26,286 - INFO - ✓ 程序启动成功!
2025-10-15 04:36:06,371 - INFO - 程序正常退出
2025-10-15 04:36:06,371 - INFO - 程序结束于: 2025-10-15 04:36:06.371110
2025-10-15 04:36:12,649 - INFO - 检查管理员权限...
2025-10-15 04:36:12,651 - INFO - 正在请求管理员权限...
2025-10-15 04:36:14,675 - INFO - 程序结束于: 2025-10-15 04:36:14.675614
2025-10-15 04:36:14,883 - INFO - 检查管理员权限...
2025-10-15 04:36:14,884 - INFO - 检查必要模块...
2025-10-15 04:36:14,884 - INFO - ✓ gui.py 导入成功
2025-10-15 04:36:14,885 - INFO - ✓ painter.py 导入成功
2025-10-15 04:36:14,885 - INFO - ✓ color_mapper.py 导入成功
2025-10-15 04:36:14,885 - INFO - ✓ win_input.py 导入成功
2025-10-15 04:36:14,885 - INFO - 正在启动GUI界面...
2025-10-15 04:36:15,407 - INFO - ✓ 程序启动成功!
2025-10-15 04:37:56,850 - INFO - 程序正常退出
2025-10-15 04:37:56,851 - INFO - 程序结束于: 2025-10-15 04:37:56.851708
2025-10-15 04:37:59,583 - INFO - 检查管理员权限...
2025-10-15 04:37:59,585 - INFO - 正在请求管理员权限...
2025-10-15 04:38:01,150 - INFO - 程序结束于: 2025-10-15 04:38:01.150868
2025-10-15 04:38:01,354 - INFO - 检查管理员权限...
2025-10-15 04:38:01,355 - INFO - 检查必要模块...
2025-10-15 04:38:01,356 - INFO - ✓ gui.py 导入成功
2025-10-15 04:38:01,356 - INFO - ✓ painter.py 导入成功
2025-10-15 04:38:01,356 - INFO - ✓ color_mapper.py 导入成功
2025-10-15 04:38:01,356 - INFO - ✓ win_input.py 导入成功
2025-10-15 04:38:01,356 - INFO - 正在启动GUI界面...
2025-10-15 04:38:01,863 - INFO - ✓ 程序启动成功!
2025-10-15 04:39:11,446 - INFO - 程序正常退出
2025-10-15 04:39:11,446 - INFO - 程序结束于: 2025-10-15 04:39:11.446640
2025-10-15 04:39:15,744 - INFO - 检查管理员权限...
2025-10-15 04:39:15,746 - INFO - 正在请求管理员权限...
2025-10-15 04:39:17,258 - INFO - 程序结束于: 2025-10-15 04:39:17.258326
2025-10-15 04:39:17,462 - INFO - 检查管理员权限...
2025-10-15 04:39:17,463 - INFO - 检查必要模块...
2025-10-15 04:39:17,464 - INFO - ✓ gui.py 导入成功
2025-10-15 04:39:17,464 - INFO - ✓ painter.py 导入成功
2025-10-15 04:39:17,464 - INFO - ✓ color_mapper.py 导入成功
2025-10-15 04:39:17,464 - INFO - ✓ win_input.py 导入成功
2025-10-15 04:39:17,464 - INFO - 正在启动GUI界面...
2025-10-15 04:39:17,985 - INFO - ✓ 程序启动成功!
2025-10-15 04:40:20,076 - INFO - 检查管理员权限...
2025-10-15 04:40:20,077 - INFO - 正在请求管理员权限...
2025-10-15 04:40:21,681 - INFO - 程序结束于: 2025-10-15 04:40:21.681511
2025-10-15 04:40:21,889 - INFO - 检查管理员权限...
2025-10-15 04:40:21,891 - INFO - 检查必要模块...
2025-10-15 04:40:21,891 - INFO - ✓ gui.py 导入成功
2025-10-15 04:40:21,891 - INFO - ✓ painter.py 导入成功
2025-10-15 04:40:21,891 - INFO - ✓ color_mapper.py 导入成功
2025-10-15 04:40:21,891 - INFO - ✓ win_input.py 导入成功
2025-10-15 04:40:21,892 - INFO - 正在启动GUI界面...
2025-10-15 04:40:22,402 - INFO - ✓ 程序启动成功!
2025-10-15 04:47:02,937 - INFO - 程序正常退出
2025-10-15 04:47:02,938 - INFO - 程序结束于: 2025-10-15 04:47:02.938713
2025-10-15 04:47:06,244 - INFO - 检查管理员权限...
2025-10-15 04:47:06,246 - INFO - 正在请求管理员权限...
2025-10-15 04:47:07,840 - INFO - 程序结束于: 2025-10-15 04:47:07.840749
2025-10-15 04:47:08,050 - INFO - 检查管理员权限...
2025-10-15 04:47:08,052 - INFO - 检查必要模块...
2025-10-15 04:47:08,052 - INFO - ✓ gui.py 导入成功
2025-10-15 04:47:08,052 - INFO - ✓ painter.py 导入成功
2025-10-15 04:47:08,052 - INFO - ✓ color_mapper.py 导入成功
2025-10-15 04:47:08,052 - INFO - ✓ win_input.py 导入成功
2025-10-15 04:47:08,053 - INFO - 正在启动GUI界面...
2025-10-15 04:47:08,577 - INFO - ✓ 程序启动成功!
2025-10-15 04:48:23,617 - INFO - 程序正常退出
2025-10-15 04:48:23,618 - INFO - 程序结束于: 2025-10-15 04:48:23.617511
2025-10-15 04:48:26,093 - INFO - 检查管理员权限...
2025-10-15 04:48:26,096 - INFO - 正在请求管理员权限...
2025-10-15 04:48:27,662 - INFO - 程序结束于: 2025-10-15 04:48:27.662990
2025-10-15 04:48:27,874 - INFO - 检查管理员权限...
2025-10-15 04:48:27,875 - INFO - 检查必要模块...
2025-10-15 04:48:27,875 - INFO - ✓ gui.py 导入成功
2025-10-15 04:48:27,876 - INFO - ✓ painter.py 导入成功
2025-10-15 04:48:27,876 - INFO - ✓ color_mapper.py 导入成功
2025-10-15 04:48:27,876 - INFO - ✓ win_input.py 导入成功
2025-10-15 04:48:27,876 - INFO - 正在启动GUI界面...
2025-10-15 04:48:28,393 - INFO - ✓ 程序启动成功!
2025-10-15 04:57:56,468 - INFO - 程序正常退出
2025-10-15 04:57:56,468 - INFO - 程序结束于: 2025-10-15 04:57:56.468823
2025-10-15 05:15:52,371 - INFO - 检查管理员权限...
2025-10-15 05:15:52,373 - INFO - 正在请求管理员权限...
2025-10-15 05:15:57,914 - INFO - 程序结束于: 2025-10-15 05:15:57.914159
2025-10-15 05:15:58,133 - INFO - 检查管理员权限...
2025-10-15 05:15:58,135 - INFO - 检查必要模块...
2025-10-15 05:15:58,135 - INFO - ✓ gui.py 导入成功
2025-10-15 05:15:58,135 - INFO - ✓ painter.py 导入成功
2025-10-15 05:15:58,135 - INFO - ✓ color_mapper.py 导入成功
2025-10-15 05:15:58,135 - INFO - ✓ win_input.py 导入成功
2025-10-15 05:15:58,135 - INFO - 正在启动GUI界面...
2025-10-15 05:15:58,480 - CRITICAL - 未知错误: 'PixelPainterGUI' object has no attribute 'test_color_selection'
Traceback (most recent call last):
  File "C:\Users\30854\Desktop\pixel_painter\main.py", line 107, in main
    app = PixelPainterGUI(root)
          ^^^^^^^^^^^^^^^^^^^^^
  File "C:\Users\30854\Desktop\pixel_painter\gui.py", line 51, in __init__
    self.create_widgets()
  File "C:\Users\30854\Desktop\pixel_painter\gui.py", line 118, in create_widgets
    command=self.test_color_selection,
            ^^^^^^^^^^^^^^^^^^^^^^^^^
AttributeError: 'PixelPainterGUI' object has no attribute 'test_color_selection'
2025-10-15 05:17:08,971 - INFO - 检查管理员权限...
2025-10-15 05:17:08,973 - INFO - 正在请求管理员权限...
2025-10-15 05:17:10,552 - INFO - 程序结束于: 2025-10-15 05:17:10.552476
2025-10-15 05:17:10,781 - INFO - 检查管理员权限...
2025-10-15 05:17:10,783 - INFO - 检查必要模块...
2025-10-15 05:17:10,783 - INFO - ✓ gui.py 导入成功
2025-10-15 05:17:10,783 - INFO - ✓ painter.py 导入成功
2025-10-15 05:17:10,783 - INFO - ✓ color_mapper.py 导入成功
2025-10-15 05:17:10,785 - INFO - ✓ win_input.py 导入成功
2025-10-15 05:17:10,785 - INFO - 正在启动GUI界面...
2025-10-15 05:17:11,121 - INFO - ✓ 程序启动成功!
2025-10-15 05:17:15,354 - INFO - 程序正常退出
2025-10-15 05:17:15,355 - INFO - 程序结束于: 2025-10-15 05:17:15.355102
2025-10-15 05:18:17,814 - INFO - 检查管理员权限...
2025-10-15 05:18:17,816 - INFO - 正在请求管理员权限...
2025-10-15 05:18:19,393 - INFO - 程序结束于: 2025-10-15 05:18:19.393976
2025-10-15 05:18:19,599 - INFO - 检查管理员权限...
2025-10-15 05:18:19,601 - INFO - 检查必要模块...
2025-10-15 05:18:19,601 - INFO - ✓ gui.py 导入成功
2025-10-15 05:18:19,601 - INFO - ✓ painter.py 导入成功
2025-10-15 05:18:19,601 - INFO - ✓ color_mapper.py 导入成功
2025-10-15 05:18:19,601 - INFO - ✓ win_input.py 导入成功
2025-10-15 05:18:19,601 - INFO - 正在启动GUI界面...
2025-10-15 05:18:19,777 - CRITICAL - 未知错误: 'PixelPainterGUI' object has no attribute 'test_color_selection'
Traceback (most recent call last):
  File "C:\Users\30854\Desktop\pixel_painter\main.py", line 107, in main
    app = PixelPainterGUI(root)
          ^^^^^^^^^^^^^^^^^^^^^
  File "C:\Users\30854\Desktop\pixel_painter\gui.py", line 51, in __init__
    self.create_widgets()
  File "C:\Users\30854\Desktop\pixel_painter\gui.py", line 118, in create_widgets
    command=self.test_color_selection,
            ^^^^^^^^^^^^^^^^^^^^^^^^^
AttributeError: 'PixelPainterGUI' object has no attribute 'test_color_selection'
2025-10-15 05:21:54,968 - INFO - 检查管理员权限...
2025-10-15 05:21:54,969 - INFO - 正在请求管理员权限...
2025-10-15 05:21:56,681 - INFO - 程序结束于: 2025-10-15 05:21:56.681874
2025-10-15 05:21:56,886 - INFO - 检查管理员权限...
2025-10-15 05:21:56,888 - INFO - 检查必要模块...
2025-10-15 05:21:56,888 - INFO - ✓ gui.py 导入成功
2025-10-15 05:21:56,888 - INFO - ✓ painter.py 导入成功
2025-10-15 05:21:56,888 - INFO - ✓ color_mapper.py 导入成功
2025-10-15 05:21:56,889 - INFO - ✓ win_input.py 导入成功
2025-10-15 05:21:56,889 - INFO - 正在启动GUI界面...
2025-10-15 05:21:57,193 - INFO - ✓ 程序启动成功!
2025-10-15 05:43:11,795 - INFO - 程序正常退出
2025-10-15 05:43:11,795 - INFO - 程序结束于: 2025-10-15 05:43:11.795303
2025-10-15 05:43:18,348 - INFO - 检查管理员权限...
2025-10-15 05:43:18,350 - INFO - 正在请求管理员权限...
2025-10-15 05:43:20,254 - INFO - 程序结束于: 2025-10-15 05:43:20.254629
2025-10-15 05:43:20,472 - INFO - 检查管理员权限...
2025-10-15 05:43:20,474 - INFO - 检查必要模块...
2025-10-15 05:43:20,475 - INFO - ✓ gui.py 导入成功
2025-10-15 05:43:20,475 - INFO - ✓ painter.py 导入成功
2025-10-15 05:43:20,475 - INFO - ✓ color_mapper.py 导入成功
2025-10-15 05:43:20,475 - INFO - ✓ win_input.py 导入成功
2025-10-15 05:43:20,475 - INFO - 正在启动GUI界面...
2025-10-15 05:43:20,827 - INFO - ✓ 程序启动成功!
2025-10-15 05:44:37,830 - INFO - 程序正常退出
2025-10-15 05:44:37,830 - INFO - 程序结束于: 2025-10-15 05:44:37.830690
2025-10-15 05:47:43,175 - INFO - 检查管理员权限...
2025-10-15 05:47:43,177 - INFO - 正在请求管理员权限...
2025-10-15 05:47:44,688 - INFO - 程序结束于: 2025-10-15 05:47:44.688424
2025-10-15 05:47:44,914 - INFO - 检查管理员权限...
2025-10-15 05:47:44,915 - INFO - 检查必要模块...
2025-10-15 05:47:44,915 - INFO - ✓ gui.py 导入成功
2025-10-15 05:47:44,915 - INFO - ✓ painter.py 导入成功
2025-10-15 05:47:44,916 - INFO - ✓ color_mapper.py 导入成功
2025-10-15 05:47:44,916 - INFO - ✓ win_input.py 导入成功
2025-10-15 05:47:44,916 - INFO - 正在启动GUI界面...
2025-10-15 05:47:45,228 - INFO - ✓ 程序启动成功!
2025-10-15 05:51:59,265 - INFO - 程序正常退出
2025-10-15 05:51:59,265 - INFO - 程序结束于: 2025-10-15 05:51:59.265902
2025-10-15 05:53:44,817 - INFO - 检查管理员权限...
2025-10-15 05:53:44,819 - INFO - 正在请求管理员权限...
2025-10-15 05:53:47,248 - INFO - 程序结束于: 2025-10-15 05:53:47.248818
2025-10-15 05:53:47,458 - INFO - 检查管理员权限...
2025-10-15 05:53:47,459 - INFO - 检查必要模块...
2025-10-15 05:53:47,459 - INFO - ✓ gui.py 导入成功
2025-10-15 05:53:47,460 - INFO - ✓ painter.py 导入成功
2025-10-15 05:53:47,460 - INFO - ✓ color_mapper.py 导入成功
2025-10-15 05:53:47,460 - INFO - ✓ win_input.py 导入成功
2025-10-15 05:53:47,460 - INFO - 正在启动GUI界面...
2025-10-15 05:53:47,789 - INFO - ✓ 程序启动成功!
2025-10-15 05:58:42,770 - INFO - 程序正常退出
2025-10-15 05:58:42,770 - INFO - 程序结束于: 2025-10-15 05:58:42.770164
2025-10-15 05:58:47,503 - INFO - 检查管理员权限...
2025-10-15 05:58:47,505 - INFO - 正在请求管理员权限...
2025-10-15 05:58:49,424 - INFO - 程序结束于: 2025-10-15 05:58:49.423005
2025-10-15 05:58:49,636 - INFO - 检查管理员权限...
2025-10-15 05:58:49,638 - INFO - 检查必要模块...
2025-10-15 05:58:49,638 - INFO - ✓ gui.py 导入成功
2025-10-15 05:58:49,638 - INFO - ✓ painter.py 导入成功
2025-10-15 05:58:49,638 - INFO - ✓ color_mapper.py 导入成功
2025-10-15 05:58:49,638 - INFO - ✓ win_input.py 导入成功
2025-10-15 05:58:49,638 - INFO - 正在启动GUI界面...
2025-10-15 05:58:49,959 - INFO - ✓ 程序启动成功!
2025-10-15 06:09:11,630 - INFO - 检查管理员权限...
2025-10-15 06:09:11,631 - INFO - 正在请求管理员权限...
2025-10-15 06:09:13,464 - INFO - 程序结束于: 2025-10-15 06:09:13.464225
2025-10-15 06:09:13,674 - INFO - 检查管理员权限...
2025-10-15 06:09:13,676 - INFO - 检查必要模块...
2025-10-15 06:09:13,676 - INFO - ✓ gui.py 导入成功
2025-10-15 06:09:13,676 - INFO - ✓ painter.py 导入成功
2025-10-15 06:09:13,676 - INFO - ✓ color_mapper.py 导入成功
2025-10-15 06:09:13,676 - INFO - ✓ win_input.py 导入成功
2025-10-15 06:09:13,676 - INFO - 正在启动GUI界面...
2025-10-15 06:09:13,943 - CRITICAL - 未知错误: name 'topmost_frame' is not defined
Traceback (most recent call last):
  File "C:\Users\30854\Desktop\pixel_painter\main.py", line 107, in main
    app = PixelPainterGUI(root)
          ^^^^^^^^^^^^^^^^^^^^^
  File "C:\Users\30854\Desktop\pixel_painter\gui.py", line 39, in __init__
    self.create_widgets()
  File "C:\Users\30854\Desktop\pixel_painter\gui.py", line 138, in create_widgets
    tk.Checkbutton(topmost_frame, text="窗口置顶",
                  ^^^^^^^^^^^^^
NameError: name 'topmost_frame' is not defined. Did you mean: 'test_frame'?
2025-10-15 06:10:09,960 - INFO - 检查管理员权限...
2025-10-15 06:10:09,961 - INFO - 正在请求管理员权限...
2025-10-15 06:10:11,638 - INFO - 程序结束于: 2025-10-15 06:10:11.638048
2025-10-15 06:10:11,854 - INFO - 检查管理员权限...
2025-10-15 06:10:11,855 - INFO - 检查必要模块...
2025-10-15 06:10:11,855 - INFO - ✓ gui.py 导入成功
2025-10-15 06:10:11,855 - INFO - ✓ painter.py 导入成功
2025-10-15 06:10:11,855 - INFO - ✓ color_mapper.py 导入成功
2025-10-15 06:10:11,855 - INFO - ✓ win_input.py 导入成功
2025-10-15 06:10:11,855 - INFO - 正在启动GUI界面...
2025-10-15 06:10:12,113 - CRITICAL - 未知错误: name 'topmost_frame' is not defined
Traceback (most recent call last):
  File "C:\Users\30854\Desktop\pixel_painter\main.py", line 107, in main
    app = PixelPainterGUI(root)
          ^^^^^^^^^^^^^^^^^^^^^
  File "C:\Users\30854\Desktop\pixel_painter\gui.py", line 39, in __init__
    self.create_widgets()
  File "C:\Users\30854\Desktop\pixel_painter\gui.py", line 138, in create_widgets
    tk.Checkbutton(topmost_frame, text="窗口置顶",
                  ^^^^^^^^^^^^^
NameError: name 'topmost_frame' is not defined. Did you mean: 'test_frame'?
2025-10-15 06:14:14,660 - INFO - 检查管理员权限...
2025-10-15 06:14:14,663 - INFO - 正在请求管理员权限...
2025-10-15 06:14:16,319 - INFO - 程序结束于: 2025-10-15 06:14:16.319197
2025-10-15 06:14:16,530 - INFO - 检查管理员权限...
2025-10-15 06:14:16,531 - INFO - 检查必要模块...
2025-10-15 06:14:16,531 - INFO - ✓ gui.py 导入成功
2025-10-15 06:14:16,531 - INFO - ✓ painter.py 导入成功
2025-10-15 06:14:16,532 - INFO - ✓ color_mapper.py 导入成功
2025-10-15 06:14:16,532 - INFO - ✓ win_input.py 导入成功
2025-10-15 06:14:16,532 - INFO - 正在启动GUI界面...
2025-10-15 06:14:16,842 - INFO - ✓ 程序启动成功!
2025-10-15 06:16:03,755 - INFO - 程序正常退出
2025-10-15 06:16:03,755 - INFO - 程序结束于: 2025-10-15 06:16:03.755141
2025-10-15 06:16:06,708 - INFO - 检查管理员权限...
2025-10-15 06:16:06,710 - INFO - 正在请求管理员权限...
2025-10-15 06:16:08,443 - INFO - 程序结束于: 2025-10-15 06:16:08.443143
2025-10-15 06:16:08,659 - INFO - 检查管理员权限...
2025-10-15 06:16:08,660 - INFO - 检查必要模块...
2025-10-15 06:16:08,661 - INFO - ✓ gui.py 导入成功
2025-10-15 06:16:08,661 - INFO - ✓ painter.py 导入成功
2025-10-15 06:16:08,661 - INFO - ✓ color_mapper.py 导入成功
2025-10-15 06:16:08,661 - INFO - ✓ win_input.py 导入成功
2025-10-15 06:16:08,661 - INFO - 正在启动GUI界面...
2025-10-15 06:16:08,987 - INFO - ✓ 程序启动成功!
2025-10-15 06:21:57,411 - INFO - 程序正常退出
2025-10-15 06:21:57,411 - INFO - 程序结束于: 2025-10-15 06:21:57.411068
2025-10-15 06:21:59,981 - INFO - 检查管理员权限...
2025-10-15 06:21:59,983 - INFO - 正在请求管理员权限...
2025-10-15 06:22:02,057 - INFO - 程序结束于: 2025-10-15 06:22:02.057949
2025-10-15 06:22:02,260 - INFO - 检查管理员权限...
2025-10-15 06:22:02,262 - INFO - 检查必要模块...
2025-10-15 06:22:02,262 - INFO - ✓ gui.py 导入成功
2025-10-15 06:22:02,262 - INFO - ✓ painter.py 导入成功
2025-10-15 06:22:02,262 - INFO - ✓ color_mapper.py 导入成功
2025-10-15 06:22:02,262 - INFO - ✓ win_input.py 导入成功
2025-10-15 06:22:02,263 - INFO - 正在启动GUI界面...
2025-10-15 06:22:02,721 - INFO - ✓ 程序启动成功!
2025-10-15 06:58:03,371 - INFO - 检查管理员权限...
2025-10-15 06:58:03,372 - INFO - 正在请求管理员权限...
2025-10-15 06:58:04,994 - INFO - 程序结束于: 2025-10-15 06:58:04.994273
2025-10-15 06:58:05,219 - INFO - 检查管理员权限...
2025-10-15 06:58:05,222 - INFO - 检查必要模块...
2025-10-15 06:58:05,222 - INFO - ✓ gui.py 导入成功
2025-10-15 06:58:05,222 - INFO - ✓ painter.py 导入成功
2025-10-15 06:58:05,222 - INFO - ✓ color_mapper.py 导入成功
2025-10-15 06:58:05,222 - INFO - ✓ win_input.py 导入成功
2025-10-15 06:58:05,222 - INFO - 正在启动GUI界面...
2025-10-15 06:58:05,588 - CRITICAL - 未知错误: 'PixelPainterGUI' object has no attribute 'scrollable_frame'
Traceback (most recent call last):
  File "C:\Users\30854\Desktop\pixel_painter\main.py", line 107, in main
    app = PixelPainterGUI(root)
          ^^^^^^^^^^^^^^^^^^^^^
  File "C:\Users\30854\Desktop\pixel_painter\gui.py", line 39, in __init__
    self.create_widgets()
  File "C:\Users\30854\Desktop\pixel_painter\gui.py", line 242, in create_widgets
    control_frame = ttk.LabelFrame(self.scrollable_frame, text="3. 控制面板", padding=10)
                                   ^^^^^^^^^^^^^^^^^^^^^
AttributeError: 'PixelPainterGUI' object has no attribute 'scrollable_frame'
2025-10-15 06:58:09,844 - INFO - 程序正常退出
2025-10-15 06:58:09,844 - INFO - 程序结束于: 2025-10-15 06:58:09.844300
2025-10-15 06:58:14,269 - INFO - 检查管理员权限...
2025-10-15 06:58:14,272 - INFO - 正在请求管理员权限...
2025-10-15 06:58:16,006 - INFO - 程序结束于: 2025-10-15 06:58:16.005723
2025-10-15 06:58:16,210 - INFO - 检查管理员权限...
2025-10-15 06:58:16,211 - INFO - 检查必要模块...
2025-10-15 06:58:16,211 - INFO - ✓ gui.py 导入成功
2025-10-15 06:58:16,211 - INFO - ✓ painter.py 导入成功
2025-10-15 06:58:16,212 - INFO - ✓ color_mapper.py 导入成功
2025-10-15 06:58:16,212 - INFO - ✓ win_input.py 导入成功
2025-10-15 06:58:16,212 - INFO - 正在启动GUI界面...
2025-10-15 06:58:16,389 - CRITICAL - 未知错误: 'PixelPainterGUI' object has no attribute 'scrollable_frame'
Traceback (most recent call last):
  File "C:\Users\30854\Desktop\pixel_painter\main.py", line 107, in main
    app = PixelPainterGUI(root)
          ^^^^^^^^^^^^^^^^^^^^^
  File "C:\Users\30854\Desktop\pixel_painter\gui.py", line 39, in __init__
    self.create_widgets()
  File "C:\Users\30854\Desktop\pixel_painter\gui.py", line 242, in create_widgets
    control_frame = ttk.LabelFrame(self.scrollable_frame, text="3. 控制面板", padding=10)
                                   ^^^^^^^^^^^^^^^^^^^^^
AttributeError: 'PixelPainterGUI' object has no attribute 'scrollable_frame'
2025-10-15 07:05:07,353 - INFO - 检查管理员权限...
2025-10-15 07:05:07,355 - INFO - 正在请求管理员权限...
2025-10-15 07:05:09,368 - INFO - 程序结束于: 2025-10-15 07:05:09.367754
2025-10-15 07:05:09,593 - INFO - 检查管理员权限...
2025-10-15 07:05:09,595 - INFO - 检查必要模块...
2025-10-15 07:05:09,595 - INFO - ✓ gui.py 导入成功
2025-10-15 07:05:09,596 - INFO - ✓ painter.py 导入成功
2025-10-15 07:05:09,596 - INFO - ✓ color_mapper.py 导入成功
2025-10-15 07:05:09,596 - INFO - ✓ win_input.py 导入成功
2025-10-15 07:05:09,596 - INFO - 正在启动GUI界面...
2025-10-15 07:05:09,920 - INFO - ✓ 程序启动成功!
2025-10-15 07:06:13,340 - INFO - 程序正常退出
2025-10-15 07:07:08,272 - INFO - 检查管理员权限...
2025-10-15 07:07:08,274 - INFO - 正在请求管理员权限...
2025-10-15 07:07:09,944 - INFO - 程序结束于: 2025-10-15 07:07:09.944323
2025-10-15 07:07:10,171 - INFO - 检查管理员权限...
2025-10-15 07:07:10,173 - INFO - 检查必要模块...
2025-10-15 07:07:10,173 - INFO - ✓ gui.py 导入成功
2025-10-15 07:07:10,173 - INFO - ✓ painter.py 导入成功
2025-10-15 07:07:10,173 - INFO - ✓ color_mapper.py 导入成功
2025-10-15 07:07:10,173 - INFO - ✓ win_input.py 导入成功
2025-10-15 07:07:10,173 - INFO - 正在启动GUI界面...
2025-10-15 07:07:10,457 - INFO - ✓ 程序启动成功!
2025-10-15 07:11:49,019 - INFO - 程序正常退出
2025-10-15 07:11:49,019 - INFO - 程序结束于: 2025-10-15 07:11:49.019372
2025-10-15 07:11:51,449 - INFO - 检查管理员权限...
2025-10-15 07:11:51,452 - INFO - 正在请求管理员权限...
2025-10-15 07:11:53,078 - INFO - 程序结束于: 2025-10-15 07:11:53.078752
2025-10-15 07:11:53,296 - INFO - 检查管理员权限...
2025-10-15 07:11:53,297 - INFO - 检查必要模块...
2025-10-15 07:11:53,297 - INFO - ✓ gui.py 导入成功
2025-10-15 07:11:53,297 - INFO - ✓ painter.py 导入成功
2025-10-15 07:11:53,297 - INFO - ✓ color_mapper.py 导入成功
2025-10-15 07:11:53,297 - INFO - ✓ win_input.py 导入成功
2025-10-15 07:11:53,297 - INFO - 正在启动GUI界面...
2025-10-15 07:11:53,576 - INFO - ✓ 程序启动成功!
2025-10-15 07:30:32,934 - INFO - 检查管理员权限...
2025-10-15 07:30:32,934 - INFO - 正在请求管理员权限...
2025-10-15 07:30:34,606 - INFO - 程序结束于: 2025-10-15 07:30:34.606307
2025-10-15 07:30:34,824 - INFO - 检查管理员权限...
2025-10-15 07:30:34,826 - INFO - 检查必要模块...
2025-10-15 07:30:34,826 - INFO - ✓ gui.py 导入成功
2025-10-15 07:30:34,826 - INFO - ✓ painter.py 导入成功
2025-10-15 07:30:34,826 - INFO - ✓ color_mapper.py 导入成功
2025-10-15 07:30:34,826 - INFO - ✓ win_input.py 导入成功
2025-10-15 07:30:34,826 - INFO - 正在启动GUI界面...
2025-10-15 07:30:35,325 - INFO - ✓ 程序启动成功!
2025-10-15 07:32:01,368 - INFO - 程序正常退出
2025-10-15 07:32:01,368 - INFO - 程序结束于: 2025-10-15 07:32:01.369000
2025-10-15 07:32:06,893 - INFO - 检查管理员权限...
2025-10-15 07:32:06,895 - INFO - 正在请求管理员权限...
2025-10-15 07:32:08,460 - INFO - 程序结束于: 2025-10-15 07:32:08.460422
2025-10-15 07:32:08,676 - INFO - 检查管理员权限...
2025-10-15 07:32:08,677 - INFO - 检查必要模块...
2025-10-15 07:32:08,677 - INFO - ✓ gui.py 导入成功
2025-10-15 07:32:08,678 - INFO - ✓ painter.py 导入成功
2025-10-15 07:32:08,678 - INFO - ✓ color_mapper.py 导入成功
2025-10-15 07:32:08,678 - INFO - ✓ win_input.py 导入成功
2025-10-15 07:32:08,678 - INFO - 正在启动GUI界面...
2025-10-15 07:32:09,164 - INFO - ✓ 程序启动成功!
2025-10-15 07:35:04,217 - INFO - 程序正常退出
2025-10-15 07:35:04,217 - INFO - 程序结束于: 2025-10-15 07:35:04.217344
2025-10-15 07:39:23,251 - INFO - 检查管理员权限...
2025-10-15 07:39:23,253 - INFO - 正在请求管理员权限...
2025-10-15 07:39:24,822 - INFO - 程序结束于: 2025-10-15 07:39:24.822676
2025-10-15 07:39:25,031 - INFO - 检查管理员权限...
2025-10-15 07:39:25,033 - INFO - 检查必要模块...
2025-10-15 07:39:25,033 - INFO - ✓ gui.py 导入成功
2025-10-15 07:39:25,033 - INFO - ✓ painter.py 导入成功
2025-10-15 07:39:25,033 - INFO - ✓ color_mapper.py 导入成功
2025-10-15 07:39:25,033 - INFO - ✓ win_input.py 导入成功
2025-10-15 07:39:25,034 - INFO - 正在启动GUI界面...
2025-10-15 07:39:25,328 - INFO - ✓ 程序启动成功!
2025-10-15 08:01:01,853 - INFO - 检查管理员权限...
2025-10-15 08:01:01,855 - INFO - 正在请求管理员权限...
2025-10-15 08:01:03,838 - INFO - 程序结束于: 2025-10-15 08:01:03.838038
2025-10-15 08:01:04,089 - INFO - 检查管理员权限...
2025-10-15 08:01:04,090 - INFO - 检查必要模块...
2025-10-15 08:01:04,091 - INFO - ✓ gui.py 导入成功
2025-10-15 08:01:04,091 - INFO - ✓ painter.py 导入成功
2025-10-15 08:01:04,091 - INFO - ✓ color_mapper.py 导入成功
2025-10-15 08:01:04,091 - INFO - ✓ win_input.py 导入成功
2025-10-15 08:01:04,091 - INFO - 正在启动GUI界面...
2025-10-15 08:01:04,648 - INFO - ✓ 程序启动成功!
2025-10-15 08:06:59,667 - INFO - 程序正常退出
2025-10-15 08:06:59,668 - INFO - 程序结束于: 2025-10-15 08:06:59.668027
2025-10-15 08:07:01,915 - INFO - 检查管理员权限...
2025-10-15 08:07:01,916 - INFO - 正在请求管理员权限...
2025-10-15 08:07:03,872 - INFO - 程序结束于: 2025-10-15 08:07:03.872182
2025-10-15 08:07:04,103 - INFO - 检查管理员权限...
2025-10-15 08:07:04,105 - INFO - 检查必要模块...
2025-10-15 08:07:04,105 - INFO - ✓ gui.py 导入成功
2025-10-15 08:07:04,105 - INFO - ✓ painter.py 导入成功
2025-10-15 08:07:04,105 - INFO - ✓ color_mapper.py 导入成功
2025-10-15 08:07:04,105 - INFO - ✓ win_input.py 导入成功
2025-10-15 08:07:04,105 - INFO - 正在启动GUI界面...
2025-10-15 08:07:04,387 - INFO - ✓ 程序启动成功!
2025-10-15 08:13:34,001 - INFO - 程序正常退出
2025-10-15 08:13:34,001 - INFO - 程序结束于: 2025-10-15 08:13:34.001587
2025-10-15 08:13:38,490 - INFO - 检查管理员权限...
2025-10-15 08:13:38,492 - INFO - 正在请求管理员权限...
2025-10-15 08:13:40,261 - INFO - 程序结束于: 2025-10-15 08:13:40.261024
2025-10-15 08:13:40,486 - INFO - 检查管理员权限...
2025-10-15 08:13:40,487 - INFO - 检查必要模块...
2025-10-15 08:13:40,487 - INFO - ✓ gui.py 导入成功
2025-10-15 08:13:40,487 - INFO - ✓ painter.py 导入成功
2025-10-15 08:13:40,487 - INFO - ✓ color_mapper.py 导入成功
2025-10-15 08:13:40,488 - INFO - ✓ win_input.py 导入成功
2025-10-15 08:13:40,488 - INFO - 正在启动GUI界面...
2025-10-15 08:13:40,758 - INFO - ✓ 程序启动成功!
2025-10-15 08:14:43,761 - INFO - 程序正常退出
2025-10-15 08:14:43,761 - INFO - 程序结束于: 2025-10-15 08:14:43.761653
2025-10-15 08:15:13,616 - INFO - 检查管理员权限...
2025-10-15 08:15:13,618 - INFO - 正在请求管理员权限...
2025-10-15 08:15:16,046 - INFO - 程序结束于: 2025-10-15 08:15:16.046989
2025-10-15 08:15:16,259 - INFO - 检查管理员权限...
2025-10-15 08:15:16,260 - INFO - 检查必要模块...
2025-10-15 08:15:16,261 - INFO - ✓ gui.py 导入成功
2025-10-15 08:15:16,261 - INFO - ✓ painter.py 导入成功
2025-10-15 08:15:16,261 - INFO - ✓ color_mapper.py 导入成功
2025-10-15 08:15:16,261 - INFO - ✓ win_input.py 导入成功
2025-10-15 08:15:16,261 - INFO - 正在启动GUI界面...
2025-10-15 08:15:16,543 - INFO - ✓ 程序启动成功!
2025-10-15 08:16:53,957 - INFO - 检查管理员权限...
2025-10-15 08:16:53,959 - INFO - 正在请求管理员权限...
2025-10-15 08:16:55,501 - INFO - 程序结束于: 2025-10-15 08:16:55.501986
2025-10-15 08:16:55,722 - INFO - 检查管理员权限...
2025-10-15 08:16:55,724 - INFO - 检查必要模块...
2025-10-15 08:16:55,725 - INFO - ✓ gui.py 导入成功
2025-10-15 08:16:55,725 - INFO - ✓ painter.py 导入成功
2025-10-15 08:16:55,725 - INFO - ✓ color_mapper.py 导入成功
2025-10-15 08:16:55,725 - INFO - ✓ win_input.py 导入成功
2025-10-15 08:16:55,725 - INFO - 正在启动GUI界面...
2025-10-15 08:16:56,023 - INFO - ✓ 程序启动成功!
2025-10-15 08:17:00,173 - INFO - 程序正常退出
2025-10-15 08:17:00,173 - INFO - 程序结束于: 2025-10-15 08:17:00.173850
2025-10-15 08:18:03,295 - INFO - 程序正常退出
2025-10-15 08:18:03,296 - INFO - 程序结束于: 2025-10-15 08:18:03.296512
2025-10-15 08:18:19,817 - INFO - 检查管理员权限...
2025-10-15 08:18:19,819 - INFO - 正在请求管理员权限...
2025-10-15 08:18:21,473 - INFO - 程序结束于: 2025-10-15 08:18:21.473507
2025-10-15 08:18:21,677 - INFO - 检查管理员权限...
2025-10-15 08:18:21,679 - INFO - 检查必要模块...
2025-10-15 08:18:21,679 - INFO - ✓ gui.py 导入成功
2025-10-15 08:18:21,679 - INFO - ✓ painter.py 导入成功
2025-10-15 08:18:21,679 - INFO - ✓ color_mapper.py 导入成功
2025-10-15 08:18:21,680 - INFO - ✓ win_input.py 导入成功
2025-10-15 08:18:21,680 - INFO - 正在启动GUI界面...
2025-10-15 08:18:21,962 - INFO - ✓ 程序启动成功!
2025-10-15 08:20:27,124 - INFO - 程序正常退出
2025-10-15 08:20:27,125 - INFO - 程序结束于: 2025-10-15 08:20:27.125828
2025-10-15 08:21:25,647 - INFO - 检查管理员权限...
2025-10-15 08:21:25,648 - INFO - 正在请求管理员权限...
2025-10-15 08:21:27,414 - INFO - 程序结束于: 2025-10-15 08:21:27.414808
2025-10-15 08:21:27,635 - INFO - 检查管理员权限...
2025-10-15 08:21:27,636 - INFO - 检查必要模块...
2025-10-15 08:21:27,637 - INFO - ✓ gui.py 导入成功
2025-10-15 08:21:27,637 - INFO - ✓ painter.py 导入成功
2025-10-15 08:21:27,637 - INFO - ✓ color_mapper.py 导入成功
2025-10-15 08:21:27,637 - INFO - ✓ win_input.py 导入成功
2025-10-15 08:21:27,637 - INFO - 正在启动GUI界面...
2025-10-15 08:21:27,908 - INFO - ✓ 程序启动成功!
2025-10-15 08:24:40,600 - INFO - 检查管理员权限...
2025-10-15 08:24:40,602 - INFO - 正在请求管理员权限...
2025-10-15 08:24:42,069 - INFO - 程序结束于: 2025-10-15 08:24:42.069050
2025-10-15 08:24:42,269 - INFO - 检查管理员权限...
2025-10-15 08:24:42,270 - INFO - 检查必要模块...
2025-10-15 08:24:42,270 - INFO - ✓ gui.py 导入成功
2025-10-15 08:24:42,270 - INFO - ✓ painter.py 导入成功
2025-10-15 08:24:42,271 - INFO - ✓ color_mapper.py 导入成功
2025-10-15 08:24:42,271 - INFO - ✓ win_input.py 导入成功
2025-10-15 08:24:42,271 - INFO - 正在启动GUI界面...
2025-10-15 08:24:42,538 - INFO - ✓ 程序启动成功!
2025-10-15 10:02:10,810 - INFO - 程序正常退出
2025-10-15 10:02:10,817 - INFO - 程序结束于: 2025-10-15 10:02:10.816951
2025-10-15 10:02:11,718 - INFO - 程序正常退出
2025-10-15 10:02:11,723 - INFO - 程序结束于: 2025-10-15 10:02:11.723964
2025-10-15 10:23:45,131 - INFO - 检查管理员权限...
2025-10-15 10:23:45,147 - INFO - 正在请求管理员权限...
2025-10-15 10:23:46,778 - INFO - 程序结束于: 2025-10-15 10:23:46.778482
2025-10-15 10:23:47,019 - INFO - 检查管理员权限...
2025-10-15 10:23:47,021 - INFO - 检查必要模块...
2025-10-15 10:23:47,021 - INFO - ✓ gui.py 导入成功
2025-10-15 10:23:47,021 - INFO - ✓ painter.py 导入成功
2025-10-15 10:23:47,021 - INFO - ✓ color_mapper.py 导入成功
2025-10-15 10:23:47,021 - INFO - ✓ win_input.py 导入成功
2025-10-15 10:23:47,021 - INFO - 正在启动GUI界面...
2025-10-15 10:23:47,597 - INFO - ✓ 程序启动成功!
2025-10-15 10:30:11,533 - INFO - 程序正常退出
2025-10-15 10:30:11,533 - INFO - 程序结束于: 2025-10-15 10:30:11.533256
2025-10-15 10:30:14,754 - INFO - 检查管理员权限...
2025-10-15 10:30:14,755 - INFO - 正在请求管理员权限...
2025-10-15 10:30:16,493 - INFO - 程序结束于: 2025-10-15 10:30:16.492657
2025-10-15 10:30:16,726 - INFO - 检查管理员权限...
2025-10-15 10:30:16,727 - INFO - 检查必要模块...
2025-10-15 10:30:16,728 - INFO - ✓ gui.py 导入成功
2025-10-15 10:30:16,728 - INFO - ✓ painter.py 导入成功
2025-10-15 10:30:16,728 - INFO - ✓ color_mapper.py 导入成功
2025-10-15 10:30:16,728 - INFO - ✓ win_input.py 导入成功
2025-10-15 10:30:16,728 - INFO - 正在启动GUI界面...
2025-10-15 10:30:17,049 - INFO - ✓ 程序启动成功!
2025-10-15 10:34:27,659 - INFO - 程序正常退出
2025-10-15 10:34:31,955 - INFO - 检查管理员权限...
2025-10-15 10:34:31,957 - INFO - 正在请求管理员权限...
2025-10-15 10:34:33,606 - INFO - 程序结束于: 2025-10-15 10:34:33.606029
2025-10-15 10:34:33,863 - INFO - 检查管理员权限...
2025-10-15 10:34:33,864 - INFO - 检查必要模块...
2025-10-15 10:34:33,865 - INFO - ✓ gui.py 导入成功
2025-10-15 10:34:33,865 - INFO - ✓ painter.py 导入成功
2025-10-15 10:34:33,865 - INFO - ✓ color_mapper.py 导入成功
2025-10-15 10:34:33,865 - INFO - ✓ win_input.py 导入成功
2025-10-15 10:34:33,865 - INFO - 正在启动GUI界面...
2025-10-15 10:34:34,204 - INFO - ✓ 程序启动成功!
2025-10-15 10:34:45,586 - INFO - 程序正常退出
2025-10-15 10:34:45,586 - INFO - 程序结束于: 2025-10-15 10:34:45.586630
2025-10-15 10:35:25,800 - INFO - 检查管理员权限...
2025-10-15 10:35:25,801 - INFO - 正在请求管理员权限...
2025-10-15 10:35:27,338 - INFO - 程序结束于: 2025-10-15 10:35:27.338264
2025-10-15 10:35:27,587 - INFO - 检查管理员权限...
2025-10-15 10:35:27,588 - INFO - 检查必要模块...
2025-10-15 10:35:27,588 - INFO - ✓ gui.py 导入成功
2025-10-15 10:35:27,589 - INFO - ✓ painter.py 导入成功
2025-10-15 10:35:27,589 - INFO - ✓ color_mapper.py 导入成功
2025-10-15 10:35:27,589 - INFO - ✓ win_input.py 导入成功
2025-10-15 10:35:27,589 - INFO - 正在启动GUI界面...
2025-10-15 10:35:27,897 - INFO - ✓ 程序启动成功!
2025-10-15 10:40:55,841 - INFO - 程序正常退出
2025-10-15 10:40:55,842 - INFO - 程序结束于: 2025-10-15 10:40:55.842378
2025-10-15 10:42:23,451 - INFO - 检查管理员权限...
2025-10-15 10:42:23,453 - INFO - 正在请求管理员权限...
2025-10-15 10:42:26,367 - INFO - 程序结束于: 2025-10-15 10:42:26.367158
2025-10-15 10:42:26,590 - INFO - 检查管理员权限...
2025-10-15 10:42:26,591 - INFO - 检查必要模块...
2025-10-15 10:42:26,592 - INFO - ✓ gui.py 导入成功
2025-10-15 10:42:26,592 - INFO - ✓ painter.py 导入成功
2025-10-15 10:42:26,592 - INFO - ✓ color_mapper.py 导入成功
2025-10-15 10:42:26,592 - INFO - ✓ win_input.py 导入成功
2025-10-15 10:42:26,592 - INFO - 正在启动GUI界面...
2025-10-15 10:42:26,934 - INFO - ✓ 程序启动成功!
2025-10-15 10:45:54,217 - INFO - 程序正常退出
2025-10-15 10:45:54,217 - INFO - 程序结束于: 2025-10-15 10:45:54.217730
2025-10-15 10:46:01,242 - INFO - 检查管理员权限...
2025-10-15 10:46:01,244 - INFO - 正在请求管理员权限...
2025-10-15 10:46:02,889 - INFO - 程序结束于: 2025-10-15 10:46:02.889021
2025-10-15 10:46:03,115 - INFO - 检查管理员权限...
2025-10-15 10:46:03,116 - INFO - 检查必要模块...
2025-10-15 10:46:03,116 - INFO - ✓ gui.py 导入成功
2025-10-15 10:46:03,116 - INFO - ✓ painter.py 导入成功
2025-10-15 10:46:03,116 - INFO - ✓ color_mapper.py 导入成功
2025-10-15 10:46:03,116 - INFO - ✓ win_input.py 导入成功
2025-10-15 10:46:03,117 - INFO - 正在启动GUI界面...
2025-10-15 10:46:03,402 - INFO - ✓ 程序启动成功!
2025-10-15 10:52:49,002 - INFO - 检查管理员权限...
2025-10-15 10:52:49,017 - INFO - 正在请求管理员权限...
2025-10-15 10:52:50,603 - INFO - 程序结束于: 2025-10-15 10:52:50.603342
2025-10-15 10:52:50,827 - INFO - 检查管理员权限...
2025-10-15 10:52:50,830 - INFO - 检查必要模块...
2025-10-15 10:52:50,830 - INFO - ✓ gui.py 导入成功
2025-10-15 10:52:50,830 - INFO - ✓ painter.py 导入成功
2025-10-15 10:52:50,830 - INFO - ✓ color_mapper.py 导入成功
2025-10-15 10:52:50,831 - INFO - ✓ win_input.py 导入成功
2025-10-15 10:52:50,831 - INFO - 正在启动GUI界面...
2025-10-15 10:52:51,342 - INFO - ✓ 程序启动成功!
2025-10-15 10:54:54,560 - INFO - 程序正常退出
2025-10-15 10:54:58,095 - INFO - 检查管理员权限...
2025-10-15 10:54:58,095 - INFO - 正在请求管理员权限...
2025-10-15 10:55:01,091 - INFO - 程序结束于: 2025-10-15 10:55:01.091565
2025-10-15 10:55:01,271 - INFO - 检查管理员权限...
2025-10-15 10:55:01,273 - INFO - 检查必要模块...
2025-10-15 10:55:01,273 - INFO - ✓ gui.py 导入成功
2025-10-15 10:55:01,273 - INFO - ✓ painter.py 导入成功
2025-10-15 10:55:01,273 - INFO - ✓ color_mapper.py 导入成功
2025-10-15 10:55:01,273 - INFO - ✓ win_input.py 导入成功
2025-10-15 10:55:01,273 - INFO - 正在启动GUI界面...
2025-10-15 10:55:01,497 - INFO - ✓ 程序启动成功!
2025-10-15 10:56:45,712 - INFO - 程序正常退出
2025-10-15 10:56:45,713 - INFO - 程序结束于: 2025-10-15 10:56:45.713335
2025-10-15 11:04:30,523 - INFO - 检查管理员权限...
2025-10-15 11:04:30,525 - INFO - 正在请求管理员权限...
2025-10-15 11:04:32,176 - INFO - 程序结束于: 2025-10-15 11:04:32.176699
2025-10-15 11:04:32,358 - INFO - 检查管理员权限...
2025-10-15 11:04:32,360 - INFO - 检查必要模块...
2025-10-15 11:04:32,360 - INFO - ✓ gui.py 导入成功
2025-10-15 11:04:32,360 - INFO - ✓ painter.py 导入成功
2025-10-15 11:04:32,360 - INFO - ✓ color_mapper.py 导入成功
2025-10-15 11:04:32,360 - INFO - ✓ win_input.py 导入成功
2025-10-15 11:04:32,360 - INFO - 正在启动GUI界面...
2025-10-15 11:04:32,597 - INFO - ✓ 程序启动成功!
2025-10-15 11:06:42,713 - INFO - 程序正常退出
2025-10-15 11:06:42,713 - INFO - 程序结束于: 2025-10-15 11:06:42.713261
2025-10-15 11:10:06,710 - INFO - 检查管理员权限...
2025-10-15 11:10:06,710 - INFO - 正在请求管理员权限...
2025-10-15 11:10:09,100 - INFO - 程序结束于: 2025-10-15 11:10:09.100087
2025-10-15 11:10:09,297 - INFO - 检查管理员权限...
2025-10-15 11:10:09,298 - INFO - 检查必要模块...
2025-10-15 11:10:09,298 - INFO - ✓ gui.py 导入成功
2025-10-15 11:10:09,298 - INFO - ✓ painter.py 导入成功
2025-10-15 11:10:09,299 - INFO - ✓ color_mapper.py 导入成功
2025-10-15 11:10:09,299 - INFO - ✓ win_input.py 导入成功
2025-10-15 11:10:09,299 - INFO - 正在启动GUI界面...
2025-10-15 11:10:09,717 - INFO - ✓ 程序启动成功!
2025-10-15 11:14:46,054 - INFO - 程序正常退出
2025-10-15 11:14:51,107 - INFO - 检查管理员权限...
2025-10-15 11:14:51,107 - INFO - 正在请求管理员权限...
2025-10-15 11:14:52,500 - INFO - 程序结束于: 2025-10-15 11:14:52.500535
2025-10-15 11:14:52,682 - INFO - 检查管理员权限...
2025-10-15 11:14:52,683 - INFO - 检查必要模块...
2025-10-15 11:14:52,684 - INFO - ✓ gui.py 导入成功
2025-10-15 11:14:52,684 - INFO - ✓ painter.py 导入成功
2025-10-15 11:14:52,684 - INFO - ✓ color_mapper.py 导入成功
2025-10-15 11:14:52,684 - INFO - ✓ win_input.py 导入成功
2025-10-15 11:14:52,684 - INFO - 正在启动GUI界面...
2025-10-15 11:14:52,915 - INFO - ✓ 程序启动成功!
2025-10-15 13:37:09,895 - INFO - 程序正常退出
2025-10-15 13:37:09,896 - INFO - 程序结束于: 2025-10-15 13:37:09.896462
